peatio:amqp:deposit_coin: process with pid 29300 started.
I, [2018-08-08T16:44:14.071211 #29300]  INFO -- : Connected to AMQP broker (prefetch: default)
I, [2018-08-08T18:02:06.542622 #29300]  INFO -- : Received: {"payment_address_id":1,"currency":"btc","locale":"en"}
F, [2018-08-08T18:02:06.570185 #29300] FATAL -- : CoinRPC::ConnectionRefusedError (CoinRPC::ConnectionRefusedError)
/home/deploy/peatio/current/app/services/coin_rpc.rb:46:in `rescue in http_post_request'
/home/deploy/peatio/current/app/services/coin_rpc.rb:39:in `http_post_request'
/home/deploy/peatio/current/app/services/coin_rpc.rb:32:in `handle'
/home/deploy/peatio/current/app/services/coin_rpc.rb:23:in `method_missing'
/home/deploy/peatio/current/app/models/worker/deposit_coin_address.rb:14:in `process'
/home/deploy/peatio/current/lib/daemons/amqp_daemon.rb:61:in `block (2 levels) in <top (required)>'
/home/deploy/peatio/current/vendor/bundle/ruby/2.2.0/gems/bunny-1.2.1/lib/bunny/consumer.rb:56:in `call'
/home/deploy/peatio/current/vendor/bundle/ruby/2.2.0/gems/bunny-1.2.1/lib/bunny/consumer.rb:56:in `call'
/home/deploy/peatio/current/vendor/bundle/ruby/2.2.0/gems/bunny-1.2.1/lib/bunny/channel.rb:1672:in `block in handle_frameset'
/home/deploy/peatio/current/vendor/bundle/ruby/2.2.0/gems/bunny-1.2.1/lib/bunny/consumer_work_pool.rb:84:in `call'
/home/deploy/peatio/current/vendor/bundle/ruby/2.2.0/gems/bunny-1.2.1/lib/bunny/consumer_work_pool.rb:84:in `block (2 levels) in run_loop'
/home/deploy/peatio/current/vendor/bundle/ruby/2.2.0/gems/bunny-1.2.1/lib/bunny/consumer_work_pool.rb:80:in `loop'
/home/deploy/peatio/current/vendor/bundle/ruby/2.2.0/gems/bunny-1.2.1/lib/bunny/consumer_work_pool.rb:80:in `block in run_loop'
/home/deploy/peatio/current/vendor/bundle/ruby/2.2.0/gems/bunny-1.2.1/lib/bunny/consumer_work_pool.rb:79:in `catch'
/home/deploy/peatio/current/vendor/bundle/ruby/2.2.0/gems/bunny-1.2.1/lib/bunny/consumer_work_pool.rb:79:in `run_loop'
F, [2018-08-08T18:02:06.570282 #29300] FATAL -- : /home/deploy/peatio/current/app/services/coin_rpc.rb:46:in `rescue in http_post_request'
/home/deploy/peatio/current/app/services/coin_rpc.rb:39:in `http_post_request'
/home/deploy/peatio/current/app/services/coin_rpc.rb:32:in `handle'
/home/deploy/peatio/current/app/services/coin_rpc.rb:23:in `method_missing'
/home/deploy/peatio/current/app/models/worker/deposit_coin_address.rb:14:in `process'
/home/deploy/peatio/current/lib/daemons/amqp_daemon.rb:61:in `block (2 levels) in <top (required)>'
/home/deploy/peatio/current/vendor/bundle/ruby/2.2.0/gems/bunny-1.2.1/lib/bunny/consumer.rb:56:in `call'
/home/deploy/peatio/current/vendor/bundle/ruby/2.2.0/gems/bunny-1.2.1/lib/bunny/consumer.rb:56:in `call'
/home/deploy/peatio/current/vendor/bundle/ruby/2.2.0/gems/bunny-1.2.1/lib/bunny/channel.rb:1672:in `block in handle_frameset'
/home/deploy/peatio/current/vendor/bundle/ruby/2.2.0/gems/bunny-1.2.1/lib/bunny/consumer_work_pool.rb:84:in `call'
/home/deploy/peatio/current/vendor/bundle/ruby/2.2.0/gems/bunny-1.2.1/lib/bunny/consumer_work_pool.rb:84:in `block (2 levels) in run_loop'
/home/deploy/peatio/current/vendor/bundle/ruby/2.2.0/gems/bunny-1.2.1/lib/bunny/consumer_work_pool.rb:80:in `loop'
/home/deploy/peatio/current/vendor/bundle/ruby/2.2.0/gems/bunny-1.2.1/lib/bunny/consumer_work_pool.rb:80:in `block in run_loop'
/home/deploy/peatio/current/vendor/bundle/ruby/2.2.0/gems/bunny-1.2.1/lib/bunny/consumer_work_pool.rb:79:in `catch'
/home/deploy/peatio/current/vendor/bundle/ruby/2.2.0/gems/bunny-1.2.1/lib/bunny/consumer_work_pool.rb:79:in `run_loop'
I, [2018-08-08T18:02:06.570366 #29300]  INFO -- : Received: {"payment_address_id":2,"currency":"eth","locale":"en"}
F, [2018-08-08T18:02:06.575068 #29300] FATAL -- : getaddrinfo: Name or service not known (SocketError)
/home/deploy/.rbenv/versions/2.2.1/lib/ruby/2.2.0/net/http.rb:879:in `initialize'
/home/deploy/.rbenv/versions/2.2.1/lib/ruby/2.2.0/net/http.rb:879:in `open'
/home/deploy/.rbenv/versions/2.2.1/lib/ruby/2.2.0/net/http.rb:879:in `block in connect'
/home/deploy/.rbenv/versions/2.2.1/lib/ruby/2.2.0/timeout.rb:74:in `timeout'
/home/deploy/.rbenv/versions/2.2.1/lib/ruby/2.2.0/net/http.rb:878:in `connect'
/home/deploy/.rbenv/versions/2.2.1/lib/ruby/2.2.0/net/http.rb:863:in `do_start'
/home/deploy/.rbenv/versions/2.2.1/lib/ruby/2.2.0/net/http.rb:852:in `start'
/home/deploy/.rbenv/versions/2.2.1/lib/ruby/2.2.0/net/http.rb:1375:in `request'
/home/deploy/peatio/current/vendor/bundle/ruby/2.2.0/gems/rest-client-1.6.8/lib/restclient/net_http_ext.rb:51:in `request'
/home/deploy/peatio/current/app/services/coin_rpc.rb:73:in `http_post_request'
/home/deploy/peatio/current/app/services/coin_rpc.rb:61:in `handle'
/home/deploy/peatio/current/app/services/coin_rpc.rb:23:in `method_missing'
/home/deploy/peatio/current/app/models/worker/deposit_coin_address.rb:12:in `process'
/home/deploy/peatio/current/lib/daemons/amqp_daemon.rb:61:in `block (2 levels) in <top (required)>'
/home/deploy/peatio/current/vendor/bundle/ruby/2.2.0/gems/bunny-1.2.1/lib/bunny/consumer.rb:56:in `call'
/home/deploy/peatio/current/vendor/bundle/ruby/2.2.0/gems/bunny-1.2.1/lib/bunny/consumer.rb:56:in `call'
/home/deploy/peatio/current/vendor/bundle/ruby/2.2.0/gems/bunny-1.2.1/lib/bunny/channel.rb:1672:in `block in handle_frameset'
/home/deploy/peatio/current/vendor/bundle/ruby/2.2.0/gems/bunny-1.2.1/lib/bunny/consumer_work_pool.rb:84:in `call'
/home/deploy/peatio/current/vendor/bundle/ruby/2.2.0/gems/bunny-1.2.1/lib/bunny/consumer_work_pool.rb:84:in `block (2 levels) in run_loop'
/home/deploy/peatio/current/vendor/bundle/ruby/2.2.0/gems/bunny-1.2.1/lib/bunny/consumer_work_pool.rb:80:in `loop'
/home/deploy/peatio/current/vendor/bundle/ruby/2.2.0/gems/bunny-1.2.1/lib/bunny/consumer_work_pool.rb:80:in `block in run_loop'
/home/deploy/peatio/current/vendor/bundle/ruby/2.2.0/gems/bunny-1.2.1/lib/bunny/consumer_work_pool.rb:79:in `catch'
/home/deploy/peatio/current/vendor/bundle/ruby/2.2.0/gems/bunny-1.2.1/lib/bunny/consumer_work_pool.rb:79:in `run_loop'
F, [2018-08-08T18:02:06.575661 #29300] FATAL -- : /home/deploy/.rbenv/versions/2.2.1/lib/ruby/2.2.0/net/http.rb:879:in `initialize'
/home/deploy/.rbenv/versions/2.2.1/lib/ruby/2.2.0/net/http.rb:879:in `open'
/home/deploy/.rbenv/versions/2.2.1/lib/ruby/2.2.0/net/http.rb:879:in `block in connect'
/home/deploy/.rbenv/versions/2.2.1/lib/ruby/2.2.0/timeout.rb:74:in `timeout'
/home/deploy/.rbenv/versions/2.2.1/lib/ruby/2.2.0/net/http.rb:878:in `connect'
/home/deploy/.rbenv/versions/2.2.1/lib/ruby/2.2.0/net/http.rb:863:in `do_start'
/home/deploy/.rbenv/versions/2.2.1/lib/ruby/2.2.0/net/http.rb:852:in `start'
/home/deploy/.rbenv/versions/2.2.1/lib/ruby/2.2.0/net/http.rb:1375:in `request'
/home/deploy/peatio/current/vendor/bundle/ruby/2.2.0/gems/rest-client-1.6.8/lib/restclient/net_http_ext.rb:51:in `request'
/home/deploy/peatio/current/app/services/coin_rpc.rb:73:in `http_post_request'
/home/deploy/peatio/current/app/services/coin_rpc.rb:61:in `handle'
/home/deploy/peatio/current/app/services/coin_rpc.rb:23:in `method_missing'
/home/deploy/peatio/current/app/models/worker/deposit_coin_address.rb:12:in `process'
/home/deploy/peatio/current/lib/daemons/amqp_daemon.rb:61:in `block (2 levels) in <top (required)>'
/home/deploy/peatio/current/vendor/bundle/ruby/2.2.0/gems/bunny-1.2.1/lib/bunny/consumer.rb:56:in `call'
/home/deploy/peatio/current/vendor/bundle/ruby/2.2.0/gems/bunny-1.2.1/lib/bunny/consumer.rb:56:in `call'
/home/deploy/peatio/current/vendor/bundle/ruby/2.2.0/gems/bunny-1.2.1/lib/bunny/channel.rb:1672:in `block in handle_frameset'
/home/deploy/peatio/current/vendor/bundle/ruby/2.2.0/gems/bunny-1.2.1/lib/bunny/consumer_work_pool.rb:84:in `call'
/home/deploy/peatio/current/vendor/bundle/ruby/2.2.0/gems/bunny-1.2.1/lib/bunny/consumer_work_pool.rb:84:in `block (2 levels) in run_loop'
/home/deploy/peatio/current/vendor/bundle/ruby/2.2.0/gems/bunny-1.2.1/lib/bunny/consumer_work_pool.rb:80:in `loop'
/home/deploy/peatio/current/vendor/bundle/ruby/2.2.0/gems/bunny-1.2.1/lib/bunny/consumer_work_pool.rb:80:in `block in run_loop'
/home/deploy/peatio/current/vendor/bundle/ruby/2.2.0/gems/bunny-1.2.1/lib/bunny/consumer_work_pool.rb:79:in `catch'
/home/deploy/peatio/current/vendor/bundle/ruby/2.2.0/gems/bunny-1.2.1/lib/bunny/consumer_work_pool.rb:79:in `run_loop'
I, [2018-08-08T18:57:27.853546 #29300]  INFO -- : Received: {"payment_address_id":1,"currency":"btc","locale":"en"}
F, [2018-08-08T18:57:27.855139 #29300] FATAL -- : CoinRPC::ConnectionRefusedError (CoinRPC::ConnectionRefusedError)
/home/deploy/peatio/current/app/services/coin_rpc.rb:46:in `rescue in http_post_request'
/home/deploy/peatio/current/app/services/coin_rpc.rb:39:in `http_post_request'
/home/deploy/peatio/current/app/services/coin_rpc.rb:32:in `handle'
/home/deploy/peatio/current/app/services/coin_rpc.rb:23:in `method_missing'
/home/deploy/peatio/current/app/models/worker/deposit_coin_address.rb:14:in `process'
/home/deploy/peatio/current/lib/daemons/amqp_daemon.rb:61:in `block (2 levels) in <top (required)>'
/home/deploy/peatio/current/vendor/bundle/ruby/2.2.0/gems/bunny-1.2.1/lib/bunny/consumer.rb:56:in `call'
/home/deploy/peatio/current/vendor/bundle/ruby/2.2.0/gems/bunny-1.2.1/lib/bunny/consumer.rb:56:in `call'
/home/deploy/peatio/current/vendor/bundle/ruby/2.2.0/gems/bunny-1.2.1/lib/bunny/channel.rb:1672:in `block in handle_frameset'
/home/deploy/peatio/current/vendor/bundle/ruby/2.2.0/gems/bunny-1.2.1/lib/bunny/consumer_work_pool.rb:84:in `call'
/home/deploy/peatio/current/vendor/bundle/ruby/2.2.0/gems/bunny-1.2.1/lib/bunny/consumer_work_pool.rb:84:in `block (2 levels) in run_loop'
/home/deploy/peatio/current/vendor/bundle/ruby/2.2.0/gems/bunny-1.2.1/lib/bunny/consumer_work_pool.rb:80:in `loop'
/home/deploy/peatio/current/vendor/bundle/ruby/2.2.0/gems/bunny-1.2.1/lib/bunny/consumer_work_pool.rb:80:in `block in run_loop'
/home/deploy/peatio/current/vendor/bundle/ruby/2.2.0/gems/bunny-1.2.1/lib/bunny/consumer_work_pool.rb:79:in `catch'
/home/deploy/peatio/current/vendor/bundle/ruby/2.2.0/gems/bunny-1.2.1/lib/bunny/consumer_work_pool.rb:79:in `run_loop'
F, [2018-08-08T18:57:27.855236 #29300] FATAL -- : /home/deploy/peatio/current/app/services/coin_rpc.rb:46:in `rescue in http_post_request'
/home/deploy/peatio/current/app/services/coin_rpc.rb:39:in `http_post_request'
/home/deploy/peatio/current/app/services/coin_rpc.rb:32:in `handle'
/home/deploy/peatio/current/app/services/coin_rpc.rb:23:in `method_missing'
/home/deploy/peatio/current/app/models/worker/deposit_coin_address.rb:14:in `process'
/home/deploy/peatio/current/lib/daemons/amqp_daemon.rb:61:in `block (2 levels) in <top (required)>'
/home/deploy/peatio/current/vendor/bundle/ruby/2.2.0/gems/bunny-1.2.1/lib/bunny/consumer.rb:56:in `call'
/home/deploy/peatio/current/vendor/bundle/ruby/2.2.0/gems/bunny-1.2.1/lib/bunny/consumer.rb:56:in `call'
/home/deploy/peatio/current/vendor/bundle/ruby/2.2.0/gems/bunny-1.2.1/lib/bunny/channel.rb:1672:in `block in handle_frameset'
/home/deploy/peatio/current/vendor/bundle/ruby/2.2.0/gems/bunny-1.2.1/lib/bunny/consumer_work_pool.rb:84:in `call'
/home/deploy/peatio/current/vendor/bundle/ruby/2.2.0/gems/bunny-1.2.1/lib/bunny/consumer_work_pool.rb:84:in `block (2 levels) in run_loop'
/home/deploy/peatio/current/vendor/bundle/ruby/2.2.0/gems/bunny-1.2.1/lib/bunny/consumer_work_pool.rb:80:in `loop'
/home/deploy/peatio/current/vendor/bundle/ruby/2.2.0/gems/bunny-1.2.1/lib/bunny/consumer_work_pool.rb:80:in `block in run_loop'
/home/deploy/peatio/current/vendor/bundle/ruby/2.2.0/gems/bunny-1.2.1/lib/bunny/consumer_work_pool.rb:79:in `catch'
/home/deploy/peatio/current/vendor/bundle/ruby/2.2.0/gems/bunny-1.2.1/lib/bunny/consumer_work_pool.rb:79:in `run_loop'
I, [2018-08-08T18:57:27.856786 #29300]  INFO -- : Received: {"payment_address_id":2,"currency":"eth","locale":"en"}
F, [2018-08-08T18:57:27.860195 #29300] FATAL -- : getaddrinfo: Name or service not known (SocketError)
/home/deploy/.rbenv/versions/2.2.1/lib/ruby/2.2.0/net/http.rb:879:in `initialize'
/home/deploy/.rbenv/versions/2.2.1/lib/ruby/2.2.0/net/http.rb:879:in `open'
/home/deploy/.rbenv/versions/2.2.1/lib/ruby/2.2.0/net/http.rb:879:in `block in connect'
/home/deploy/.rbenv/versions/2.2.1/lib/ruby/2.2.0/timeout.rb:74:in `timeout'
/home/deploy/.rbenv/versions/2.2.1/lib/ruby/2.2.0/net/http.rb:878:in `connect'
/home/deploy/.rbenv/versions/2.2.1/lib/ruby/2.2.0/net/http.rb:863:in `do_start'
/home/deploy/.rbenv/versions/2.2.1/lib/ruby/2.2.0/net/http.rb:852:in `start'
/home/deploy/.rbenv/versions/2.2.1/lib/ruby/2.2.0/net/http.rb:1375:in `request'
/home/deploy/peatio/current/vendor/bundle/ruby/2.2.0/gems/rest-client-1.6.8/lib/restclient/net_http_ext.rb:51:in `request'
/home/deploy/peatio/current/app/services/coin_rpc.rb:73:in `http_post_request'
/home/deploy/peatio/current/app/services/coin_rpc.rb:61:in `handle'
/home/deploy/peatio/current/app/services/coin_rpc.rb:23:in `method_missing'
/home/deploy/peatio/current/app/models/worker/deposit_coin_address.rb:12:in `process'
/home/deploy/peatio/current/lib/daemons/amqp_daemon.rb:61:in `block (2 levels) in <top (required)>'
/home/deploy/peatio/current/vendor/bundle/ruby/2.2.0/gems/bunny-1.2.1/lib/bunny/consumer.rb:56:in `call'
/home/deploy/peatio/current/vendor/bundle/ruby/2.2.0/gems/bunny-1.2.1/lib/bunny/consumer.rb:56:in `call'
/home/deploy/peatio/current/vendor/bundle/ruby/2.2.0/gems/bunny-1.2.1/lib/bunny/channel.rb:1672:in `block in handle_frameset'
/home/deploy/peatio/current/vendor/bundle/ruby/2.2.0/gems/bunny-1.2.1/lib/bunny/consumer_work_pool.rb:84:in `call'
/home/deploy/peatio/current/vendor/bundle/ruby/2.2.0/gems/bunny-1.2.1/lib/bunny/consumer_work_pool.rb:84:in `block (2 levels) in run_loop'
/home/deploy/peatio/current/vendor/bundle/ruby/2.2.0/gems/bunny-1.2.1/lib/bunny/consumer_work_pool.rb:80:in `loop'
/home/deploy/peatio/current/vendor/bundle/ruby/2.2.0/gems/bunny-1.2.1/lib/bunny/consumer_work_pool.rb:80:in `block in run_loop'
/home/deploy/peatio/current/vendor/bundle/ruby/2.2.0/gems/bunny-1.2.1/lib/bunny/consumer_work_pool.rb:79:in `catch'
/home/deploy/peatio/current/vendor/bundle/ruby/2.2.0/gems/bunny-1.2.1/lib/bunny/consumer_work_pool.rb:79:in `run_loop'
F, [2018-08-08T18:57:27.860293 #29300] FATAL -- : /home/deploy/.rbenv/versions/2.2.1/lib/ruby/2.2.0/net/http.rb:879:in `initialize'
/home/deploy/.rbenv/versions/2.2.1/lib/ruby/2.2.0/net/http.rb:879:in `open'
/home/deploy/.rbenv/versions/2.2.1/lib/ruby/2.2.0/net/http.rb:879:in `block in connect'
/home/deploy/.rbenv/versions/2.2.1/lib/ruby/2.2.0/timeout.rb:74:in `timeout'
/home/deploy/.rbenv/versions/2.2.1/lib/ruby/2.2.0/net/http.rb:878:in `connect'
/home/deploy/.rbenv/versions/2.2.1/lib/ruby/2.2.0/net/http.rb:863:in `do_start'
/home/deploy/.rbenv/versions/2.2.1/lib/ruby/2.2.0/net/http.rb:852:in `start'
/home/deploy/.rbenv/versions/2.2.1/lib/ruby/2.2.0/net/http.rb:1375:in `request'
/home/deploy/peatio/current/vendor/bundle/ruby/2.2.0/gems/rest-client-1.6.8/lib/restclient/net_http_ext.rb:51:in `request'
/home/deploy/peatio/current/app/services/coin_rpc.rb:73:in `http_post_request'
/home/deploy/peatio/current/app/services/coin_rpc.rb:61:in `handle'
/home/deploy/peatio/current/app/services/coin_rpc.rb:23:in `method_missing'
/home/deploy/peatio/current/app/models/worker/deposit_coin_address.rb:12:in `process'
/home/deploy/peatio/current/lib/daemons/amqp_daemon.rb:61:in `block (2 levels) in <top (required)>'
/home/deploy/peatio/current/vendor/bundle/ruby/2.2.0/gems/bunny-1.2.1/lib/bunny/consumer.rb:56:in `call'
/home/deploy/peatio/current/vendor/bundle/ruby/2.2.0/gems/bunny-1.2.1/lib/bunny/consumer.rb:56:in `call'
/home/deploy/peatio/current/vendor/bundle/ruby/2.2.0/gems/bunny-1.2.1/lib/bunny/channel.rb:1672:in `block in handle_frameset'
/home/deploy/peatio/current/vendor/bundle/ruby/2.2.0/gems/bunny-1.2.1/lib/bunny/consumer_work_pool.rb:84:in `call'
/home/deploy/peatio/current/vendor/bundle/ruby/2.2.0/gems/bunny-1.2.1/lib/bunny/consumer_work_pool.rb:84:in `block (2 levels) in run_loop'
/home/deploy/peatio/current/vendor/bundle/ruby/2.2.0/gems/bunny-1.2.1/lib/bunny/consumer_work_pool.rb:80:in `loop'
/home/deploy/peatio/current/vendor/bundle/ruby/2.2.0/gems/bunny-1.2.1/lib/bunny/consumer_work_pool.rb:80:in `block in run_loop'
/home/deploy/peatio/current/vendor/bundle/ruby/2.2.0/gems/bunny-1.2.1/lib/bunny/consumer_work_pool.rb:79:in `catch'
/home/deploy/peatio/current/vendor/bundle/ruby/2.2.0/gems/bunny-1.2.1/lib/bunny/consumer_work_pool.rb:79:in `run_loop'
I, [2018-08-08T23:45:38.110589 #29300]  INFO -- : Received: {"payment_address_id":3,"currency":"btc","locale":"en"}
F, [2018-08-08T23:45:38.112203 #29300] FATAL -- : CoinRPC::ConnectionRefusedError (CoinRPC::ConnectionRefusedError)
/home/deploy/peatio/current/app/services/coin_rpc.rb:46:in `rescue in http_post_request'
/home/deploy/peatio/current/app/services/coin_rpc.rb:39:in `http_post_request'
/home/deploy/peatio/current/app/services/coin_rpc.rb:32:in `handle'
/home/deploy/peatio/current/app/services/coin_rpc.rb:23:in `method_missing'
/home/deploy/peatio/current/app/models/worker/deposit_coin_address.rb:14:in `process'
/home/deploy/peatio/current/lib/daemons/amqp_daemon.rb:61:in `block (2 levels) in <top (required)>'
/home/deploy/peatio/current/vendor/bundle/ruby/2.2.0/gems/bunny-1.2.1/lib/bunny/consumer.rb:56:in `call'
/home/deploy/peatio/current/vendor/bundle/ruby/2.2.0/gems/bunny-1.2.1/lib/bunny/consumer.rb:56:in `call'
/home/deploy/peatio/current/vendor/bundle/ruby/2.2.0/gems/bunny-1.2.1/lib/bunny/channel.rb:1672:in `block in handle_frameset'
/home/deploy/peatio/current/vendor/bundle/ruby/2.2.0/gems/bunny-1.2.1/lib/bunny/consumer_work_pool.rb:84:in `call'
/home/deploy/peatio/current/vendor/bundle/ruby/2.2.0/gems/bunny-1.2.1/lib/bunny/consumer_work_pool.rb:84:in `block (2 levels) in run_loop'
/home/deploy/peatio/current/vendor/bundle/ruby/2.2.0/gems/bunny-1.2.1/lib/bunny/consumer_work_pool.rb:80:in `loop'
/home/deploy/peatio/current/vendor/bundle/ruby/2.2.0/gems/bunny-1.2.1/lib/bunny/consumer_work_pool.rb:80:in `block in run_loop'
/home/deploy/peatio/current/vendor/bundle/ruby/2.2.0/gems/bunny-1.2.1/lib/bunny/consumer_work_pool.rb:79:in `catch'
/home/deploy/peatio/current/vendor/bundle/ruby/2.2.0/gems/bunny-1.2.1/lib/bunny/consumer_work_pool.rb:79:in `run_loop'
F, [2018-08-08T23:45:38.112279 #29300] FATAL -- : /home/deploy/peatio/current/app/services/coin_rpc.rb:46:in `rescue in http_post_request'
/home/deploy/peatio/current/app/services/coin_rpc.rb:39:in `http_post_request'
/home/deploy/peatio/current/app/services/coin_rpc.rb:32:in `handle'
/home/deploy/peatio/current/app/services/coin_rpc.rb:23:in `method_missing'
/home/deploy/peatio/current/app/models/worker/deposit_coin_address.rb:14:in `process'
/home/deploy/peatio/current/lib/daemons/amqp_daemon.rb:61:in `block (2 levels) in <top (required)>'
/home/deploy/peatio/current/vendor/bundle/ruby/2.2.0/gems/bunny-1.2.1/lib/bunny/consumer.rb:56:in `call'
/home/deploy/peatio/current/vendor/bundle/ruby/2.2.0/gems/bunny-1.2.1/lib/bunny/consumer.rb:56:in `call'
/home/deploy/peatio/current/vendor/bundle/ruby/2.2.0/gems/bunny-1.2.1/lib/bunny/channel.rb:1672:in `block in handle_frameset'
/home/deploy/peatio/current/vendor/bundle/ruby/2.2.0/gems/bunny-1.2.1/lib/bunny/consumer_work_pool.rb:84:in `call'
/home/deploy/peatio/current/vendor/bundle/ruby/2.2.0/gems/bunny-1.2.1/lib/bunny/consumer_work_pool.rb:84:in `block (2 levels) in run_loop'
/home/deploy/peatio/current/vendor/bundle/ruby/2.2.0/gems/bunny-1.2.1/lib/bunny/consumer_work_pool.rb:80:in `loop'
/home/deploy/peatio/current/vendor/bundle/ruby/2.2.0/gems/bunny-1.2.1/lib/bunny/consumer_work_pool.rb:80:in `block in run_loop'
/home/deploy/peatio/current/vendor/bundle/ruby/2.2.0/gems/bunny-1.2.1/lib/bunny/consumer_work_pool.rb:79:in `catch'
/home/deploy/peatio/current/vendor/bundle/ruby/2.2.0/gems/bunny-1.2.1/lib/bunny/consumer_work_pool.rb:79:in `run_loop'
I, [2018-08-08T23:45:38.117255 #29300]  INFO -- : Received: {"payment_address_id":4,"currency":"eth","locale":"en"}
F, [2018-08-08T23:45:38.120929 #29300] FATAL -- : getaddrinfo: Name or service not known (SocketError)
/home/deploy/.rbenv/versions/2.2.1/lib/ruby/2.2.0/net/http.rb:879:in `initialize'
/home/deploy/.rbenv/versions/2.2.1/lib/ruby/2.2.0/net/http.rb:879:in `open'
/home/deploy/.rbenv/versions/2.2.1/lib/ruby/2.2.0/net/http.rb:879:in `block in connect'
/home/deploy/.rbenv/versions/2.2.1/lib/ruby/2.2.0/timeout.rb:74:in `timeout'
/home/deploy/.rbenv/versions/2.2.1/lib/ruby/2.2.0/net/http.rb:878:in `connect'
/home/deploy/.rbenv/versions/2.2.1/lib/ruby/2.2.0/net/http.rb:863:in `do_start'
/home/deploy/.rbenv/versions/2.2.1/lib/ruby/2.2.0/net/http.rb:852:in `start'
/home/deploy/.rbenv/versions/2.2.1/lib/ruby/2.2.0/net/http.rb:1375:in `request'
/home/deploy/peatio/current/vendor/bundle/ruby/2.2.0/gems/rest-client-1.6.8/lib/restclient/net_http_ext.rb:51:in `request'
/home/deploy/peatio/current/app/services/coin_rpc.rb:73:in `http_post_request'
/home/deploy/peatio/current/app/services/coin_rpc.rb:61:in `handle'
/home/deploy/peatio/current/app/services/coin_rpc.rb:23:in `method_missing'
/home/deploy/peatio/current/app/models/worker/deposit_coin_address.rb:12:in `process'
/home/deploy/peatio/current/lib/daemons/amqp_daemon.rb:61:in `block (2 levels) in <top (required)>'
/home/deploy/peatio/current/vendor/bundle/ruby/2.2.0/gems/bunny-1.2.1/lib/bunny/consumer.rb:56:in `call'
/home/deploy/peatio/current/vendor/bundle/ruby/2.2.0/gems/bunny-1.2.1/lib/bunny/consumer.rb:56:in `call'
/home/deploy/peatio/current/vendor/bundle/ruby/2.2.0/gems/bunny-1.2.1/lib/bunny/channel.rb:1672:in `block in handle_frameset'
/home/deploy/peatio/current/vendor/bundle/ruby/2.2.0/gems/bunny-1.2.1/lib/bunny/consumer_work_pool.rb:84:in `call'
/home/deploy/peatio/current/vendor/bundle/ruby/2.2.0/gems/bunny-1.2.1/lib/bunny/consumer_work_pool.rb:84:in `block (2 levels) in run_loop'
/home/deploy/peatio/current/vendor/bundle/ruby/2.2.0/gems/bunny-1.2.1/lib/bunny/consumer_work_pool.rb:80:in `loop'
/home/deploy/peatio/current/vendor/bundle/ruby/2.2.0/gems/bunny-1.2.1/lib/bunny/consumer_work_pool.rb:80:in `block in run_loop'
/home/deploy/peatio/current/vendor/bundle/ruby/2.2.0/gems/bunny-1.2.1/lib/bunny/consumer_work_pool.rb:79:in `catch'
/home/deploy/peatio/current/vendor/bundle/ruby/2.2.0/gems/bunny-1.2.1/lib/bunny/consumer_work_pool.rb:79:in `run_loop'
F, [2018-08-08T23:45:38.121027 #29300] FATAL -- : /home/deploy/.rbenv/versions/2.2.1/lib/ruby/2.2.0/net/http.rb:879:in `initialize'
/home/deploy/.rbenv/versions/2.2.1/lib/ruby/2.2.0/net/http.rb:879:in `open'
/home/deploy/.rbenv/versions/2.2.1/lib/ruby/2.2.0/net/http.rb:879:in `block in connect'
/home/deploy/.rbenv/versions/2.2.1/lib/ruby/2.2.0/timeout.rb:74:in `timeout'
/home/deploy/.rbenv/versions/2.2.1/lib/ruby/2.2.0/net/http.rb:878:in `connect'
/home/deploy/.rbenv/versions/2.2.1/lib/ruby/2.2.0/net/http.rb:863:in `do_start'
/home/deploy/.rbenv/versions/2.2.1/lib/ruby/2.2.0/net/http.rb:852:in `start'
/home/deploy/.rbenv/versions/2.2.1/lib/ruby/2.2.0/net/http.rb:1375:in `request'
/home/deploy/peatio/current/vendor/bundle/ruby/2.2.0/gems/rest-client-1.6.8/lib/restclient/net_http_ext.rb:51:in `request'
/home/deploy/peatio/current/app/services/coin_rpc.rb:73:in `http_post_request'
/home/deploy/peatio/current/app/services/coin_rpc.rb:61:in `handle'
/home/deploy/peatio/current/app/services/coin_rpc.rb:23:in `method_missing'
/home/deploy/peatio/current/app/models/worker/deposit_coin_address.rb:12:in `process'
/home/deploy/peatio/current/lib/daemons/amqp_daemon.rb:61:in `block (2 levels) in <top (required)>'
/home/deploy/peatio/current/vendor/bundle/ruby/2.2.0/gems/bunny-1.2.1/lib/bunny/consumer.rb:56:in `call'
/home/deploy/peatio/current/vendor/bundle/ruby/2.2.0/gems/bunny-1.2.1/lib/bunny/consumer.rb:56:in `call'
/home/deploy/peatio/current/vendor/bundle/ruby/2.2.0/gems/bunny-1.2.1/lib/bunny/channel.rb:1672:in `block in handle_frameset'
/home/deploy/peatio/current/vendor/bundle/ruby/2.2.0/gems/bunny-1.2.1/lib/bunny/consumer_work_pool.rb:84:in `call'
/home/deploy/peatio/current/vendor/bundle/ruby/2.2.0/gems/bunny-1.2.1/lib/bunny/consumer_work_pool.rb:84:in `block (2 levels) in run_loop'
/home/deploy/peatio/current/vendor/bundle/ruby/2.2.0/gems/bunny-1.2.1/lib/bunny/consumer_work_pool.rb:80:in `loop'
/home/deploy/peatio/current/vendor/bundle/ruby/2.2.0/gems/bunny-1.2.1/lib/bunny/consumer_work_pool.rb:80:in `block in run_loop'
/home/deploy/peatio/current/vendor/bundle/ruby/2.2.0/gems/bunny-1.2.1/lib/bunny/consumer_work_pool.rb:79:in `catch'
/home/deploy/peatio/current/vendor/bundle/ruby/2.2.0/gems/bunny-1.2.1/lib/bunny/consumer_work_pool.rb:79:in `run_loop'
I, [2018-08-08T23:52:07.543132 #29300]  INFO -- : Received: {"payment_address_id":5,"currency":"btc","locale":"en"}
F, [2018-08-08T23:52:07.544377 #29300] FATAL -- : CoinRPC::ConnectionRefusedError (CoinRPC::ConnectionRefusedError)
/home/deploy/peatio/current/app/services/coin_rpc.rb:46:in `rescue in http_post_request'
/home/deploy/peatio/current/app/services/coin_rpc.rb:39:in `http_post_request'
/home/deploy/peatio/current/app/services/coin_rpc.rb:32:in `handle'
/home/deploy/peatio/current/app/services/coin_rpc.rb:23:in `method_missing'
/home/deploy/peatio/current/app/models/worker/deposit_coin_address.rb:14:in `process'
/home/deploy/peatio/current/lib/daemons/amqp_daemon.rb:61:in `block (2 levels) in <top (required)>'
/home/deploy/peatio/current/vendor/bundle/ruby/2.2.0/gems/bunny-1.2.1/lib/bunny/consumer.rb:56:in `call'
/home/deploy/peatio/current/vendor/bundle/ruby/2.2.0/gems/bunny-1.2.1/lib/bunny/consumer.rb:56:in `call'
/home/deploy/peatio/current/vendor/bundle/ruby/2.2.0/gems/bunny-1.2.1/lib/bunny/channel.rb:1672:in `block in handle_frameset'
/home/deploy/peatio/current/vendor/bundle/ruby/2.2.0/gems/bunny-1.2.1/lib/bunny/consumer_work_pool.rb:84:in `call'
/home/deploy/peatio/current/vendor/bundle/ruby/2.2.0/gems/bunny-1.2.1/lib/bunny/consumer_work_pool.rb:84:in `block (2 levels) in run_loop'
/home/deploy/peatio/current/vendor/bundle/ruby/2.2.0/gems/bunny-1.2.1/lib/bunny/consumer_work_pool.rb:80:in `loop'
/home/deploy/peatio/current/vendor/bundle/ruby/2.2.0/gems/bunny-1.2.1/lib/bunny/consumer_work_pool.rb:80:in `block in run_loop'
/home/deploy/peatio/current/vendor/bundle/ruby/2.2.0/gems/bunny-1.2.1/lib/bunny/consumer_work_pool.rb:79:in `catch'
/home/deploy/peatio/current/vendor/bundle/ruby/2.2.0/gems/bunny-1.2.1/lib/bunny/consumer_work_pool.rb:79:in `run_loop'
F, [2018-08-08T23:52:07.544727 #29300] FATAL -- : /home/deploy/peatio/current/app/services/coin_rpc.rb:46:in `rescue in http_post_request'
/home/deploy/peatio/current/app/services/coin_rpc.rb:39:in `http_post_request'
/home/deploy/peatio/current/app/services/coin_rpc.rb:32:in `handle'
/home/deploy/peatio/current/app/services/coin_rpc.rb:23:in `method_missing'
/home/deploy/peatio/current/app/models/worker/deposit_coin_address.rb:14:in `process'
/home/deploy/peatio/current/lib/daemons/amqp_daemon.rb:61:in `block (2 levels) in <top (required)>'
/home/deploy/peatio/current/vendor/bundle/ruby/2.2.0/gems/bunny-1.2.1/lib/bunny/consumer.rb:56:in `call'
/home/deploy/peatio/current/vendor/bundle/ruby/2.2.0/gems/bunny-1.2.1/lib/bunny/consumer.rb:56:in `call'
/home/deploy/peatio/current/vendor/bundle/ruby/2.2.0/gems/bunny-1.2.1/lib/bunny/channel.rb:1672:in `block in handle_frameset'
/home/deploy/peatio/current/vendor/bundle/ruby/2.2.0/gems/bunny-1.2.1/lib/bunny/consumer_work_pool.rb:84:in `call'
/home/deploy/peatio/current/vendor/bundle/ruby/2.2.0/gems/bunny-1.2.1/lib/bunny/consumer_work_pool.rb:84:in `block (2 levels) in run_loop'
/home/deploy/peatio/current/vendor/bundle/ruby/2.2.0/gems/bunny-1.2.1/lib/bunny/consumer_work_pool.rb:80:in `loop'
/home/deploy/peatio/current/vendor/bundle/ruby/2.2.0/gems/bunny-1.2.1/lib/bunny/consumer_work_pool.rb:80:in `block in run_loop'
/home/deploy/peatio/current/vendor/bundle/ruby/2.2.0/gems/bunny-1.2.1/lib/bunny/consumer_work_pool.rb:79:in `catch'
/home/deploy/peatio/current/vendor/bundle/ruby/2.2.0/gems/bunny-1.2.1/lib/bunny/consumer_work_pool.rb:79:in `run_loop'
I, [2018-08-08T23:52:07.547516 #29300]  INFO -- : Received: {"payment_address_id":6,"currency":"eth","locale":"en"}
F, [2018-08-08T23:52:07.550856 #29300] FATAL -- : getaddrinfo: Name or service not known (SocketError)
/home/deploy/.rbenv/versions/2.2.1/lib/ruby/2.2.0/net/http.rb:879:in `initialize'
/home/deploy/.rbenv/versions/2.2.1/lib/ruby/2.2.0/net/http.rb:879:in `open'
/home/deploy/.rbenv/versions/2.2.1/lib/ruby/2.2.0/net/http.rb:879:in `block in connect'
/home/deploy/.rbenv/versions/2.2.1/lib/ruby/2.2.0/timeout.rb:74:in `timeout'
/home/deploy/.rbenv/versions/2.2.1/lib/ruby/2.2.0/net/http.rb:878:in `connect'
/home/deploy/.rbenv/versions/2.2.1/lib/ruby/2.2.0/net/http.rb:863:in `do_start'
/home/deploy/.rbenv/versions/2.2.1/lib/ruby/2.2.0/net/http.rb:852:in `start'
/home/deploy/.rbenv/versions/2.2.1/lib/ruby/2.2.0/net/http.rb:1375:in `request'
/home/deploy/peatio/current/vendor/bundle/ruby/2.2.0/gems/rest-client-1.6.8/lib/restclient/net_http_ext.rb:51:in `request'
/home/deploy/peatio/current/app/services/coin_rpc.rb:73:in `http_post_request'
/home/deploy/peatio/current/app/services/coin_rpc.rb:61:in `handle'
/home/deploy/peatio/current/app/services/coin_rpc.rb:23:in `method_missing'
/home/deploy/peatio/current/app/models/worker/deposit_coin_address.rb:12:in `process'
/home/deploy/peatio/current/lib/daemons/amqp_daemon.rb:61:in `block (2 levels) in <top (required)>'
/home/deploy/peatio/current/vendor/bundle/ruby/2.2.0/gems/bunny-1.2.1/lib/bunny/consumer.rb:56:in `call'
/home/deploy/peatio/current/vendor/bundle/ruby/2.2.0/gems/bunny-1.2.1/lib/bunny/consumer.rb:56:in `call'
/home/deploy/peatio/current/vendor/bundle/ruby/2.2.0/gems/bunny-1.2.1/lib/bunny/channel.rb:1672:in `block in handle_frameset'
/home/deploy/peatio/current/vendor/bundle/ruby/2.2.0/gems/bunny-1.2.1/lib/bunny/consumer_work_pool.rb:84:in `call'
/home/deploy/peatio/current/vendor/bundle/ruby/2.2.0/gems/bunny-1.2.1/lib/bunny/consumer_work_pool.rb:84:in `block (2 levels) in run_loop'
/home/deploy/peatio/current/vendor/bundle/ruby/2.2.0/gems/bunny-1.2.1/lib/bunny/consumer_work_pool.rb:80:in `loop'
/home/deploy/peatio/current/vendor/bundle/ruby/2.2.0/gems/bunny-1.2.1/lib/bunny/consumer_work_pool.rb:80:in `block in run_loop'
/home/deploy/peatio/current/vendor/bundle/ruby/2.2.0/gems/bunny-1.2.1/lib/bunny/consumer_work_pool.rb:79:in `catch'
/home/deploy/peatio/current/vendor/bundle/ruby/2.2.0/gems/bunny-1.2.1/lib/bunny/consumer_work_pool.rb:79:in `run_loop'
F, [2018-08-08T23:52:07.551311 #29300] FATAL -- : /home/deploy/.rbenv/versions/2.2.1/lib/ruby/2.2.0/net/http.rb:879:in `initialize'
/home/deploy/.rbenv/versions/2.2.1/lib/ruby/2.2.0/net/http.rb:879:in `open'
/home/deploy/.rbenv/versions/2.2.1/lib/ruby/2.2.0/net/http.rb:879:in `block in connect'
/home/deploy/.rbenv/versions/2.2.1/lib/ruby/2.2.0/timeout.rb:74:in `timeout'
/home/deploy/.rbenv/versions/2.2.1/lib/ruby/2.2.0/net/http.rb:878:in `connect'
/home/deploy/.rbenv/versions/2.2.1/lib/ruby/2.2.0/net/http.rb:863:in `do_start'
/home/deploy/.rbenv/versions/2.2.1/lib/ruby/2.2.0/net/http.rb:852:in `start'
/home/deploy/.rbenv/versions/2.2.1/lib/ruby/2.2.0/net/http.rb:1375:in `request'
/home/deploy/peatio/current/vendor/bundle/ruby/2.2.0/gems/rest-client-1.6.8/lib/restclient/net_http_ext.rb:51:in `request'
/home/deploy/peatio/current/app/services/coin_rpc.rb:73:in `http_post_request'
/home/deploy/peatio/current/app/services/coin_rpc.rb:61:in `handle'
/home/deploy/peatio/current/app/services/coin_rpc.rb:23:in `method_missing'
/home/deploy/peatio/current/app/models/worker/deposit_coin_address.rb:12:in `process'
/home/deploy/peatio/current/lib/daemons/amqp_daemon.rb:61:in `block (2 levels) in <top (required)>'
/home/deploy/peatio/current/vendor/bundle/ruby/2.2.0/gems/bunny-1.2.1/lib/bunny/consumer.rb:56:in `call'
/home/deploy/peatio/current/vendor/bundle/ruby/2.2.0/gems/bunny-1.2.1/lib/bunny/consumer.rb:56:in `call'
/home/deploy/peatio/current/vendor/bundle/ruby/2.2.0/gems/bunny-1.2.1/lib/bunny/channel.rb:1672:in `block in handle_frameset'
/home/deploy/peatio/current/vendor/bundle/ruby/2.2.0/gems/bunny-1.2.1/lib/bunny/consumer_work_pool.rb:84:in `call'
/home/deploy/peatio/current/vendor/bundle/ruby/2.2.0/gems/bunny-1.2.1/lib/bunny/consumer_work_pool.rb:84:in `block (2 levels) in run_loop'
/home/deploy/peatio/current/vendor/bundle/ruby/2.2.0/gems/bunny-1.2.1/lib/bunny/consumer_work_pool.rb:80:in `loop'
/home/deploy/peatio/current/vendor/bundle/ruby/2.2.0/gems/bunny-1.2.1/lib/bunny/consumer_work_pool.rb:80:in `block in run_loop'
/home/deploy/peatio/current/vendor/bundle/ruby/2.2.0/gems/bunny-1.2.1/lib/bunny/consumer_work_pool.rb:79:in `catch'
/home/deploy/peatio/current/vendor/bundle/ruby/2.2.0/gems/bunny-1.2.1/lib/bunny/consumer_work_pool.rb:79:in `run_loop'
