peatio:amqp:pusher:1: process with pid 29356 started.
I, [2018-08-08T16:44:24.247264 #29356]  INFO -- : Connected to AMQP broker (prefetch: default)
I, [2018-08-08T16:56:27.688941 #29356]  INFO -- : Received: {"member_id":2,"event":"account","data":"{\"balance\":\"0.0\",\"locked\":\"0.0\",\"currency\":\"cny\"}","locale":"en"}
I, [2018-08-08T16:56:27.872300 #29356]  INFO -- : Received: {"member_id":2,"event":"account","data":"{\"balance\":\"0.0\",\"locked\":\"0.0\",\"currency\":\"btc\"}","locale":"en"}
I, [2018-08-08T16:56:27.876214 #29356]  INFO -- : Received: {"member_id":2,"event":"account","data":"{\"balance\":\"0.0\",\"locked\":\"0.0\",\"currency\":\"eth\"}","locale":"en"}
I, [2018-08-08T18:26:38.693319 #29356]  INFO -- : Received: {"member_id":3,"event":"account","data":"{\"balance\":\"0.0\",\"locked\":\"0.0\",\"currency\":\"cny\"}","locale":"en"}
I, [2018-08-08T18:26:38.698174 #29356]  INFO -- : Received: {"member_id":3,"event":"account","data":"{\"balance\":\"0.0\",\"locked\":\"0.0\",\"currency\":\"btc\"}","locale":"en"}
I, [2018-08-08T18:26:38.700692 #29356]  INFO -- : Received: {"member_id":3,"event":"account","data":"{\"balance\":\"0.0\",\"locked\":\"0.0\",\"currency\":\"eth\"}","locale":"en"}
I, [2018-08-08T18:29:22.973094 #29356]  INFO -- : Received: {"member_id":4,"event":"account","data":"{\"balance\":\"0.0\",\"locked\":\"0.0\",\"currency\":\"cny\"}","locale":"en"}
I, [2018-08-08T18:29:22.976560 #29356]  INFO -- : Received: {"member_id":4,"event":"account","data":"{\"balance\":\"0.0\",\"locked\":\"0.0\",\"currency\":\"btc\"}","locale":"en"}
I, [2018-08-08T18:29:22.979644 #29356]  INFO -- : Received: {"member_id":4,"event":"account","data":"{\"balance\":\"0.0\",\"locked\":\"0.0\",\"currency\":\"eth\"}","locale":"en"}
I, [2018-08-08T23:24:27.908256 #29356]  INFO -- : Received: {"member_id":5,"event":"account","data":"{\"balance\":\"0.0\",\"locked\":\"0.0\",\"currency\":\"cny\"}","locale":"en"}
I, [2018-08-08T23:24:27.912036 #29356]  INFO -- : Received: {"member_id":5,"event":"account","data":"{\"balance\":\"0.0\",\"locked\":\"0.0\",\"currency\":\"btc\"}","locale":"en"}
I, [2018-08-08T23:24:27.915222 #29356]  INFO -- : Received: {"member_id":5,"event":"account","data":"{\"balance\":\"0.0\",\"locked\":\"0.0\",\"currency\":\"eth\"}","locale":"en"}
I, [2018-08-09T11:25:16.518324 #29356]  INFO -- : Received: {"member_id":6,"event":"account","data":"{\"balance\":\"0.0\",\"locked\":\"0.0\",\"currency\":\"cny\"}","locale":"en"}
I, [2018-08-09T11:25:16.522238 #29356]  INFO -- : Received: {"member_id":6,"event":"account","data":"{\"balance\":\"0.0\",\"locked\":\"0.0\",\"currency\":\"btc\"}","locale":"en"}
I, [2018-08-09T11:25:16.525319 #29356]  INFO -- : Received: {"member_id":6,"event":"account","data":"{\"balance\":\"0.0\",\"locked\":\"0.0\",\"currency\":\"eth\"}","locale":"en"}
I, [2018-08-10T06:35:02.170248 #29356]  INFO -- : Received: {"member_id":7,"event":"account","data":"{\"balance\":\"0.0\",\"locked\":\"0.0\",\"currency\":\"cny\"}","locale":"en"}
I, [2018-08-10T06:35:02.177016 #29356]  INFO -- : Received: {"member_id":7,"event":"account","data":"{\"balance\":\"0.0\",\"locked\":\"0.0\",\"currency\":\"btc\"}","locale":"en"}
I, [2018-08-10T06:35:02.181606 #29356]  INFO -- : Received: {"member_id":7,"event":"account","data":"{\"balance\":\"0.0\",\"locked\":\"0.0\",\"currency\":\"eth\"}","locale":"en"}
I, [2018-08-13T20:22:24.026442 #29356]  INFO -- : Received: {"member_id":8,"event":"account","data":"{\"balance\":\"0.0\",\"locked\":\"0.0\",\"currency\":\"cny\"}","locale":"en"}
I, [2018-08-13T20:22:24.029068 #29356]  INFO -- : Received: {"member_id":8,"event":"account","data":"{\"balance\":\"0.0\",\"locked\":\"0.0\",\"currency\":\"btc\"}","locale":"en"}
I, [2018-08-13T20:22:24.031679 #29356]  INFO -- : Received: {"member_id":8,"event":"account","data":"{\"balance\":\"0.0\",\"locked\":\"0.0\",\"currency\":\"eth\"}","locale":"en"}
I, [2018-08-14T08:33:02.026332 #29356]  INFO -- : Received: {"member_id":9,"event":"account","data":"{\"balance\":\"0.0\",\"locked\":\"0.0\",\"currency\":\"cny\"}","locale":"zh-CN"}
I, [2018-08-14T08:33:02.029343 #29356]  INFO -- : Received: {"member_id":9,"event":"account","data":"{\"balance\":\"0.0\",\"locked\":\"0.0\",\"currency\":\"btc\"}","locale":"zh-CN"}
I, [2018-08-14T08:33:02.030707 #29356]  INFO -- : Received: {"member_id":9,"event":"account","data":"{\"balance\":\"0.0\",\"locked\":\"0.0\",\"currency\":\"eth\"}","locale":"zh-CN"}
I, [2018-08-20T02:00:39.978176 #29356]  INFO -- : Received: {"member_id":10,"event":"account","data":"{\"balance\":\"0.0\",\"locked\":\"0.0\",\"currency\":\"cny\"}","locale":"en"}
I, [2018-08-20T02:00:39.981117 #29356]  INFO -- : Received: {"member_id":10,"event":"account","data":"{\"balance\":\"0.0\",\"locked\":\"0.0\",\"currency\":\"btc\"}","locale":"en"}
I, [2018-08-20T02:00:39.982608 #29356]  INFO -- : Received: {"member_id":10,"event":"account","data":"{\"balance\":\"0.0\",\"locked\":\"0.0\",\"currency\":\"eth\"}","locale":"en"}
I, [2018-08-20T22:29:08.063066 #29356]  INFO -- : Received: {"member_id":11,"event":"account","data":"{\"balance\":\"0.0\",\"locked\":\"0.0\",\"currency\":\"cny\"}","locale":"en"}
I, [2018-08-20T22:29:08.066871 #29356]  INFO -- : Received: {"member_id":11,"event":"account","data":"{\"balance\":\"0.0\",\"locked\":\"0.0\",\"currency\":\"btc\"}","locale":"en"}
I, [2018-08-20T22:29:08.070351 #29356]  INFO -- : Received: {"member_id":11,"event":"account","data":"{\"balance\":\"0.0\",\"locked\":\"0.0\",\"currency\":\"eth\"}","locale":"en"}
