peatio:amqp:notification: process with pid 29438 started.
I, [2018-08-08T16:44:28.035182 #29438]  INFO -- : Connected to AMQP broker (prefetch: default)
I, [2018-08-08T16:56:27.745102 #29438]  INFO -- : Received: {"mailer_class":"TokenMailer","method":"activation","args":["cewucu@hubii-network.com","5ee2e0c8c6d46c5d47e88112c53a2021"],"locale":"en"}
I, [2018-08-08T16:57:43.846588 #29438]  INFO -- : Received: {"phone":"918800580884","message":"Your phone number verification code is: 420804.","locale":"en"}
F, [2018-08-08T16:57:43.868494 #29438] FATAL -- : bad URI(is not URI?): https://api.twilio.com/2010-04-01/Accounts/{:ssl_verify_peer=>false}/Messages.json (URI::InvalidURIError)
/home/deploy/.rbenv/versions/2.2.1/lib/ruby/2.2.0/uri/rfc3986_parser.rb:66:in `split'
/home/deploy/.rbenv/versions/2.2.1/lib/ruby/2.2.0/uri/rfc3986_parser.rb:72:in `parse'
/home/deploy/.rbenv/versions/2.2.1/lib/ruby/2.2.0/uri/common.rb:226:in `parse'
/home/deploy/.rbenv/versions/2.2.1/lib/ruby/2.2.0/uri/common.rb:713:in `URI'
/home/deploy/peatio/current/vendor/bundle/ruby/2.2.0/gems/faraday-0.14.0/lib/faraday/utils.rb:275:in `call'
/home/deploy/peatio/current/vendor/bundle/ruby/2.2.0/gems/faraday-0.14.0/lib/faraday/utils.rb:275:in `URI'
/home/deploy/peatio/current/vendor/bundle/ruby/2.2.0/gems/faraday-0.14.0/lib/faraday/connection.rb:477:in `proxy_for_request'
/home/deploy/peatio/current/vendor/bundle/ruby/2.2.0/gems/faraday-0.14.0/lib/faraday/connection.rb:377:in `run_request'
/home/deploy/peatio/current/vendor/bundle/ruby/2.2.0/gems/faraday-0.14.0/lib/faraday/connection.rb:175:in `post'
/home/deploy/peatio/current/vendor/bundle/ruby/2.2.0/gems/twilio-ruby-5.7.2/lib/twilio-ruby/http/http_client.rb:36:in `_request'
/home/deploy/peatio/current/vendor/bundle/ruby/2.2.0/gems/twilio-ruby-5.7.2/lib/twilio-ruby/http/http_client.rb:54:in `request'
/home/deploy/peatio/current/vendor/bundle/ruby/2.2.0/gems/twilio-ruby-5.7.2/lib/twilio-ruby/rest/client.rb:72:in `request'
/home/deploy/peatio/current/vendor/bundle/ruby/2.2.0/gems/twilio-ruby-5.7.2/lib/twilio-ruby/framework/domain.rb:20:in `request'
/home/deploy/peatio/current/vendor/bundle/ruby/2.2.0/gems/twilio-ruby-5.7.2/lib/twilio-ruby/framework/version.rb:51:in `request'
/home/deploy/peatio/current/vendor/bundle/ruby/2.2.0/gems/twilio-ruby-5.7.2/lib/twilio-ruby/framework/version.rb:154:in `create'
/home/deploy/peatio/current/vendor/bundle/ruby/2.2.0/gems/twilio-ruby-5.7.2/lib/twilio-ruby/rest/api/v2010/account/message.rb:71:in `create'
/home/deploy/peatio/current/app/models/worker/sms_notification.rb:9:in `process'
/home/deploy/peatio/current/lib/daemons/amqp_daemon.rb:61:in `block (2 levels) in <top (required)>'
/home/deploy/peatio/current/vendor/bundle/ruby/2.2.0/gems/bunny-1.2.1/lib/bunny/consumer.rb:56:in `call'
/home/deploy/peatio/current/vendor/bundle/ruby/2.2.0/gems/bunny-1.2.1/lib/bunny/consumer.rb:56:in `call'
/home/deploy/peatio/current/vendor/bundle/ruby/2.2.0/gems/bunny-1.2.1/lib/bunny/channel.rb:1672:in `block in handle_frameset'
/home/deploy/peatio/current/vendor/bundle/ruby/2.2.0/gems/bunny-1.2.1/lib/bunny/consumer_work_pool.rb:84:in `call'
/home/deploy/peatio/current/vendor/bundle/ruby/2.2.0/gems/bunny-1.2.1/lib/bunny/consumer_work_pool.rb:84:in `block (2 levels) in run_loop'
/home/deploy/peatio/current/vendor/bundle/ruby/2.2.0/gems/bunny-1.2.1/lib/bunny/consumer_work_pool.rb:80:in `loop'
/home/deploy/peatio/current/vendor/bundle/ruby/2.2.0/gems/bunny-1.2.1/lib/bunny/consumer_work_pool.rb:80:in `block in run_loop'
/home/deploy/peatio/current/vendor/bundle/ruby/2.2.0/gems/bunny-1.2.1/lib/bunny/consumer_work_pool.rb:79:in `catch'
/home/deploy/peatio/current/vendor/bundle/ruby/2.2.0/gems/bunny-1.2.1/lib/bunny/consumer_work_pool.rb:79:in `run_loop'
F, [2018-08-08T16:57:43.868624 #29438] FATAL -- : /home/deploy/.rbenv/versions/2.2.1/lib/ruby/2.2.0/uri/rfc3986_parser.rb:66:in `split'
/home/deploy/.rbenv/versions/2.2.1/lib/ruby/2.2.0/uri/rfc3986_parser.rb:72:in `parse'
/home/deploy/.rbenv/versions/2.2.1/lib/ruby/2.2.0/uri/common.rb:226:in `parse'
/home/deploy/.rbenv/versions/2.2.1/lib/ruby/2.2.0/uri/common.rb:713:in `URI'
/home/deploy/peatio/current/vendor/bundle/ruby/2.2.0/gems/faraday-0.14.0/lib/faraday/utils.rb:275:in `call'
/home/deploy/peatio/current/vendor/bundle/ruby/2.2.0/gems/faraday-0.14.0/lib/faraday/utils.rb:275:in `URI'
/home/deploy/peatio/current/vendor/bundle/ruby/2.2.0/gems/faraday-0.14.0/lib/faraday/connection.rb:477:in `proxy_for_request'
/home/deploy/peatio/current/vendor/bundle/ruby/2.2.0/gems/faraday-0.14.0/lib/faraday/connection.rb:377:in `run_request'
/home/deploy/peatio/current/vendor/bundle/ruby/2.2.0/gems/faraday-0.14.0/lib/faraday/connection.rb:175:in `post'
/home/deploy/peatio/current/vendor/bundle/ruby/2.2.0/gems/twilio-ruby-5.7.2/lib/twilio-ruby/http/http_client.rb:36:in `_request'
/home/deploy/peatio/current/vendor/bundle/ruby/2.2.0/gems/twilio-ruby-5.7.2/lib/twilio-ruby/http/http_client.rb:54:in `request'
/home/deploy/peatio/current/vendor/bundle/ruby/2.2.0/gems/twilio-ruby-5.7.2/lib/twilio-ruby/rest/client.rb:72:in `request'
/home/deploy/peatio/current/vendor/bundle/ruby/2.2.0/gems/twilio-ruby-5.7.2/lib/twilio-ruby/framework/domain.rb:20:in `request'
/home/deploy/peatio/current/vendor/bundle/ruby/2.2.0/gems/twilio-ruby-5.7.2/lib/twilio-ruby/framework/version.rb:51:in `request'
/home/deploy/peatio/current/vendor/bundle/ruby/2.2.0/gems/twilio-ruby-5.7.2/lib/twilio-ruby/framework/version.rb:154:in `create'
/home/deploy/peatio/current/vendor/bundle/ruby/2.2.0/gems/twilio-ruby-5.7.2/lib/twilio-ruby/rest/api/v2010/account/message.rb:71:in `create'
/home/deploy/peatio/current/app/models/worker/sms_notification.rb:9:in `process'
/home/deploy/peatio/current/lib/daemons/amqp_daemon.rb:61:in `block (2 levels) in <top (required)>'
/home/deploy/peatio/current/vendor/bundle/ruby/2.2.0/gems/bunny-1.2.1/lib/bunny/consumer.rb:56:in `call'
/home/deploy/peatio/current/vendor/bundle/ruby/2.2.0/gems/bunny-1.2.1/lib/bunny/consumer.rb:56:in `call'
/home/deploy/peatio/current/vendor/bundle/ruby/2.2.0/gems/bunny-1.2.1/lib/bunny/channel.rb:1672:in `block in handle_frameset'
/home/deploy/peatio/current/vendor/bundle/ruby/2.2.0/gems/bunny-1.2.1/lib/bunny/consumer_work_pool.rb:84:in `call'
/home/deploy/peatio/current/vendor/bundle/ruby/2.2.0/gems/bunny-1.2.1/lib/bunny/consumer_work_pool.rb:84:in `block (2 levels) in run_loop'
/home/deploy/peatio/current/vendor/bundle/ruby/2.2.0/gems/bunny-1.2.1/lib/bunny/consumer_work_pool.rb:80:in `loop'
/home/deploy/peatio/current/vendor/bundle/ruby/2.2.0/gems/bunny-1.2.1/lib/bunny/consumer_work_pool.rb:80:in `block in run_loop'
/home/deploy/peatio/current/vendor/bundle/ruby/2.2.0/gems/bunny-1.2.1/lib/bunny/consumer_work_pool.rb:79:in `catch'
/home/deploy/peatio/current/vendor/bundle/ruby/2.2.0/gems/bunny-1.2.1/lib/bunny/consumer_work_pool.rb:79:in `run_loop'
I, [2018-08-08T17:10:11.910052 #29438]  INFO -- : Received: {"mailer_class":"MemberMailer","method":"google_auth_activated","args":[1],"locale":"en"}
I, [2018-08-08T17:58:15.640413 #29438]  INFO -- : Received: {"mailer_class":"MemberMailer","method":"notify_signin","args":[2],"locale":"en"}
I, [2018-08-08T17:58:59.469767 #29438]  INFO -- : Received: {"mailer_class":"MemberMailer","method":"google_auth_activated","args":[2],"locale":"en"}
I, [2018-08-08T18:26:38.726919 #29438]  INFO -- : Received: {"mailer_class":"TokenMailer","method":"activation","args":["innovation@emoneyplc.com","29098af58c9e261379a3d29a67a96368"],"locale":"en"}
I, [2018-08-08T18:29:22.989574 #29438]  INFO -- : Received: {"mailer_class":"TokenMailer","method":"activation","args":["tekak@zep-hyr.com","121f81a135c11fe45a714074aa29f4a6"],"locale":"en"}
I, [2018-08-08T18:30:09.969555 #29438]  INFO -- : Received: {"mailer_class":"MemberMailer","method":"notify_signin","args":[4],"locale":"en"}
I, [2018-08-08T18:57:19.562258 #29438]  INFO -- : Received: {"mailer_class":"MemberMailer","method":"notify_signin","args":[2],"locale":"en"}
I, [2018-08-08T22:32:33.148764 #29438]  INFO -- : Received: {"mailer_class":"MemberMailer","method":"notify_signin","args":[4],"locale":"en"}
I, [2018-08-08T23:24:27.926139 #29438]  INFO -- : Received: {"mailer_class":"TokenMailer","method":"activation","args":["hefi@zep-hyr.com","362f58581f85a293138ab70bbd33f5ea"],"locale":"en"}
I, [2018-08-08T23:25:28.606291 #29438]  INFO -- : Received: {"mailer_class":"MemberMailer","method":"google_auth_activated","args":[5],"locale":"en"}
I, [2018-08-08T23:51:58.882863 #29438]  INFO -- : Received: {"mailer_class":"MemberMailer","method":"notify_signin","args":[5],"locale":"en"}
I, [2018-08-09T06:21:27.388810 #29438]  INFO -- : Received: {"mailer_class":"SystemMailer","method":"daily_stats","args":[1533686400,{"trade_users":{"btccny":[1533686400,0,0],"ethcny":[1533686400,0,0],"ethbtc":[1533686400,0,0]},"asset_stats":{"cny":[0.0,0.0,1],"btc":[],"eth":[]},"member_stats":[1533686400,4,0]},{"trade_users":{"btccny":[1533600000,0,0],"ethcny":[1533600000,0,0],"ethbtc":[1533600000,0,0]},"asset_stats":{"cny":[0.0,0.0,1],"btc":[],"eth":[]},"member_stats":[1533600000,0,0]}],"locale":"en"}
I, [2018-08-09T11:25:16.537749 #29438]  INFO -- : Received: {"mailer_class":"TokenMailer","method":"activation","args":["dzheng764@gmail.com","0cc337551da789fb9b03d7053eea602a"],"locale":"en"}
I, [2018-08-09T21:24:00.172839 #29438]  INFO -- : Received: {"mailer_class":"MemberMailer","method":"notify_signin","args":[4],"locale":"en"}
I, [2018-08-09T21:24:29.165674 #29438]  INFO -- : Received: {"phone":"35677117570","message":"Your phone number verification code is: 212601.","locale":"en"}
F, [2018-08-09T21:24:29.169470 #29438] FATAL -- : bad URI(is not URI?): https://api.twilio.com/2010-04-01/Accounts/{:ssl_verify_peer=>false}/Messages.json (URI::InvalidURIError)
/home/deploy/.rbenv/versions/2.2.1/lib/ruby/2.2.0/uri/rfc3986_parser.rb:66:in `split'
/home/deploy/.rbenv/versions/2.2.1/lib/ruby/2.2.0/uri/rfc3986_parser.rb:72:in `parse'
/home/deploy/.rbenv/versions/2.2.1/lib/ruby/2.2.0/uri/common.rb:226:in `parse'
/home/deploy/.rbenv/versions/2.2.1/lib/ruby/2.2.0/uri/common.rb:713:in `URI'
/home/deploy/peatio/current/vendor/bundle/ruby/2.2.0/gems/faraday-0.14.0/lib/faraday/utils.rb:275:in `call'
/home/deploy/peatio/current/vendor/bundle/ruby/2.2.0/gems/faraday-0.14.0/lib/faraday/utils.rb:275:in `URI'
/home/deploy/peatio/current/vendor/bundle/ruby/2.2.0/gems/faraday-0.14.0/lib/faraday/connection.rb:477:in `proxy_for_request'
/home/deploy/peatio/current/vendor/bundle/ruby/2.2.0/gems/faraday-0.14.0/lib/faraday/connection.rb:377:in `run_request'
/home/deploy/peatio/current/vendor/bundle/ruby/2.2.0/gems/faraday-0.14.0/lib/faraday/connection.rb:175:in `post'
/home/deploy/peatio/current/vendor/bundle/ruby/2.2.0/gems/twilio-ruby-5.7.2/lib/twilio-ruby/http/http_client.rb:36:in `_request'
/home/deploy/peatio/current/vendor/bundle/ruby/2.2.0/gems/twilio-ruby-5.7.2/lib/twilio-ruby/http/http_client.rb:54:in `request'
/home/deploy/peatio/current/vendor/bundle/ruby/2.2.0/gems/twilio-ruby-5.7.2/lib/twilio-ruby/rest/client.rb:72:in `request'
/home/deploy/peatio/current/vendor/bundle/ruby/2.2.0/gems/twilio-ruby-5.7.2/lib/twilio-ruby/framework/domain.rb:20:in `request'
/home/deploy/peatio/current/vendor/bundle/ruby/2.2.0/gems/twilio-ruby-5.7.2/lib/twilio-ruby/framework/version.rb:51:in `request'
/home/deploy/peatio/current/vendor/bundle/ruby/2.2.0/gems/twilio-ruby-5.7.2/lib/twilio-ruby/framework/version.rb:154:in `create'
/home/deploy/peatio/current/vendor/bundle/ruby/2.2.0/gems/twilio-ruby-5.7.2/lib/twilio-ruby/rest/api/v2010/account/message.rb:71:in `create'
/home/deploy/peatio/current/app/models/worker/sms_notification.rb:9:in `process'
/home/deploy/peatio/current/lib/daemons/amqp_daemon.rb:61:in `block (2 levels) in <top (required)>'
/home/deploy/peatio/current/vendor/bundle/ruby/2.2.0/gems/bunny-1.2.1/lib/bunny/consumer.rb:56:in `call'
/home/deploy/peatio/current/vendor/bundle/ruby/2.2.0/gems/bunny-1.2.1/lib/bunny/consumer.rb:56:in `call'
/home/deploy/peatio/current/vendor/bundle/ruby/2.2.0/gems/bunny-1.2.1/lib/bunny/channel.rb:1672:in `block in handle_frameset'
/home/deploy/peatio/current/vendor/bundle/ruby/2.2.0/gems/bunny-1.2.1/lib/bunny/consumer_work_pool.rb:84:in `call'
/home/deploy/peatio/current/vendor/bundle/ruby/2.2.0/gems/bunny-1.2.1/lib/bunny/consumer_work_pool.rb:84:in `block (2 levels) in run_loop'
/home/deploy/peatio/current/vendor/bundle/ruby/2.2.0/gems/bunny-1.2.1/lib/bunny/consumer_work_pool.rb:80:in `loop'
/home/deploy/peatio/current/vendor/bundle/ruby/2.2.0/gems/bunny-1.2.1/lib/bunny/consumer_work_pool.rb:80:in `block in run_loop'
/home/deploy/peatio/current/vendor/bundle/ruby/2.2.0/gems/bunny-1.2.1/lib/bunny/consumer_work_pool.rb:79:in `catch'
/home/deploy/peatio/current/vendor/bundle/ruby/2.2.0/gems/bunny-1.2.1/lib/bunny/consumer_work_pool.rb:79:in `run_loop'
F, [2018-08-09T21:24:29.169621 #29438] FATAL -- : /home/deploy/.rbenv/versions/2.2.1/lib/ruby/2.2.0/uri/rfc3986_parser.rb:66:in `split'
/home/deploy/.rbenv/versions/2.2.1/lib/ruby/2.2.0/uri/rfc3986_parser.rb:72:in `parse'
/home/deploy/.rbenv/versions/2.2.1/lib/ruby/2.2.0/uri/common.rb:226:in `parse'
/home/deploy/.rbenv/versions/2.2.1/lib/ruby/2.2.0/uri/common.rb:713:in `URI'
/home/deploy/peatio/current/vendor/bundle/ruby/2.2.0/gems/faraday-0.14.0/lib/faraday/utils.rb:275:in `call'
/home/deploy/peatio/current/vendor/bundle/ruby/2.2.0/gems/faraday-0.14.0/lib/faraday/utils.rb:275:in `URI'
/home/deploy/peatio/current/vendor/bundle/ruby/2.2.0/gems/faraday-0.14.0/lib/faraday/connection.rb:477:in `proxy_for_request'
/home/deploy/peatio/current/vendor/bundle/ruby/2.2.0/gems/faraday-0.14.0/lib/faraday/connection.rb:377:in `run_request'
/home/deploy/peatio/current/vendor/bundle/ruby/2.2.0/gems/faraday-0.14.0/lib/faraday/connection.rb:175:in `post'
/home/deploy/peatio/current/vendor/bundle/ruby/2.2.0/gems/twilio-ruby-5.7.2/lib/twilio-ruby/http/http_client.rb:36:in `_request'
/home/deploy/peatio/current/vendor/bundle/ruby/2.2.0/gems/twilio-ruby-5.7.2/lib/twilio-ruby/http/http_client.rb:54:in `request'
/home/deploy/peatio/current/vendor/bundle/ruby/2.2.0/gems/twilio-ruby-5.7.2/lib/twilio-ruby/rest/client.rb:72:in `request'
/home/deploy/peatio/current/vendor/bundle/ruby/2.2.0/gems/twilio-ruby-5.7.2/lib/twilio-ruby/framework/domain.rb:20:in `request'
/home/deploy/peatio/current/vendor/bundle/ruby/2.2.0/gems/twilio-ruby-5.7.2/lib/twilio-ruby/framework/version.rb:51:in `request'
/home/deploy/peatio/current/vendor/bundle/ruby/2.2.0/gems/twilio-ruby-5.7.2/lib/twilio-ruby/framework/version.rb:154:in `create'
/home/deploy/peatio/current/vendor/bundle/ruby/2.2.0/gems/twilio-ruby-5.7.2/lib/twilio-ruby/rest/api/v2010/account/message.rb:71:in `create'
/home/deploy/peatio/current/app/models/worker/sms_notification.rb:9:in `process'
/home/deploy/peatio/current/lib/daemons/amqp_daemon.rb:61:in `block (2 levels) in <top (required)>'
/home/deploy/peatio/current/vendor/bundle/ruby/2.2.0/gems/bunny-1.2.1/lib/bunny/consumer.rb:56:in `call'
/home/deploy/peatio/current/vendor/bundle/ruby/2.2.0/gems/bunny-1.2.1/lib/bunny/consumer.rb:56:in `call'
/home/deploy/peatio/current/vendor/bundle/ruby/2.2.0/gems/bunny-1.2.1/lib/bunny/channel.rb:1672:in `block in handle_frameset'
/home/deploy/peatio/current/vendor/bundle/ruby/2.2.0/gems/bunny-1.2.1/lib/bunny/consumer_work_pool.rb:84:in `call'
/home/deploy/peatio/current/vendor/bundle/ruby/2.2.0/gems/bunny-1.2.1/lib/bunny/consumer_work_pool.rb:84:in `block (2 levels) in run_loop'
/home/deploy/peatio/current/vendor/bundle/ruby/2.2.0/gems/bunny-1.2.1/lib/bunny/consumer_work_pool.rb:80:in `loop'
/home/deploy/peatio/current/vendor/bundle/ruby/2.2.0/gems/bunny-1.2.1/lib/bunny/consumer_work_pool.rb:80:in `block in run_loop'
/home/deploy/peatio/current/vendor/bundle/ruby/2.2.0/gems/bunny-1.2.1/lib/bunny/consumer_work_pool.rb:79:in `catch'
/home/deploy/peatio/current/vendor/bundle/ruby/2.2.0/gems/bunny-1.2.1/lib/bunny/consumer_work_pool.rb:79:in `run_loop'
I, [2018-08-10T06:35:02.231864 #29438]  INFO -- : Received: {"mailer_class":"TokenMailer","method":"activation","args":["aditya@mailcatch.com","3767feb0a1df91468da68b3a166eb56e"],"locale":"en"}
I, [2018-08-10T06:35:17.970995 #29438]  INFO -- : Received: {"phone":"919998328318","message":"Your phone number verification code is: 130288.","locale":"en"}
F, [2018-08-10T06:35:17.976173 #29438] FATAL -- : bad URI(is not URI?): https://api.twilio.com/2010-04-01/Accounts/{:ssl_verify_peer=>false}/Messages.json (URI::InvalidURIError)
/home/deploy/.rbenv/versions/2.2.1/lib/ruby/2.2.0/uri/rfc3986_parser.rb:66:in `split'
/home/deploy/.rbenv/versions/2.2.1/lib/ruby/2.2.0/uri/rfc3986_parser.rb:72:in `parse'
/home/deploy/.rbenv/versions/2.2.1/lib/ruby/2.2.0/uri/common.rb:226:in `parse'
/home/deploy/.rbenv/versions/2.2.1/lib/ruby/2.2.0/uri/common.rb:713:in `URI'
/home/deploy/peatio/current/vendor/bundle/ruby/2.2.0/gems/faraday-0.14.0/lib/faraday/utils.rb:275:in `call'
/home/deploy/peatio/current/vendor/bundle/ruby/2.2.0/gems/faraday-0.14.0/lib/faraday/utils.rb:275:in `URI'
/home/deploy/peatio/current/vendor/bundle/ruby/2.2.0/gems/faraday-0.14.0/lib/faraday/connection.rb:477:in `proxy_for_request'
/home/deploy/peatio/current/vendor/bundle/ruby/2.2.0/gems/faraday-0.14.0/lib/faraday/connection.rb:377:in `run_request'
/home/deploy/peatio/current/vendor/bundle/ruby/2.2.0/gems/faraday-0.14.0/lib/faraday/connection.rb:175:in `post'
/home/deploy/peatio/current/vendor/bundle/ruby/2.2.0/gems/twilio-ruby-5.7.2/lib/twilio-ruby/http/http_client.rb:36:in `_request'
/home/deploy/peatio/current/vendor/bundle/ruby/2.2.0/gems/twilio-ruby-5.7.2/lib/twilio-ruby/http/http_client.rb:54:in `request'
/home/deploy/peatio/current/vendor/bundle/ruby/2.2.0/gems/twilio-ruby-5.7.2/lib/twilio-ruby/rest/client.rb:72:in `request'
/home/deploy/peatio/current/vendor/bundle/ruby/2.2.0/gems/twilio-ruby-5.7.2/lib/twilio-ruby/framework/domain.rb:20:in `request'
/home/deploy/peatio/current/vendor/bundle/ruby/2.2.0/gems/twilio-ruby-5.7.2/lib/twilio-ruby/framework/version.rb:51:in `request'
/home/deploy/peatio/current/vendor/bundle/ruby/2.2.0/gems/twilio-ruby-5.7.2/lib/twilio-ruby/framework/version.rb:154:in `create'
/home/deploy/peatio/current/vendor/bundle/ruby/2.2.0/gems/twilio-ruby-5.7.2/lib/twilio-ruby/rest/api/v2010/account/message.rb:71:in `create'
/home/deploy/peatio/current/app/models/worker/sms_notification.rb:9:in `process'
/home/deploy/peatio/current/lib/daemons/amqp_daemon.rb:61:in `block (2 levels) in <top (required)>'
/home/deploy/peatio/current/vendor/bundle/ruby/2.2.0/gems/bunny-1.2.1/lib/bunny/consumer.rb:56:in `call'
/home/deploy/peatio/current/vendor/bundle/ruby/2.2.0/gems/bunny-1.2.1/lib/bunny/consumer.rb:56:in `call'
/home/deploy/peatio/current/vendor/bundle/ruby/2.2.0/gems/bunny-1.2.1/lib/bunny/channel.rb:1672:in `block in handle_frameset'
/home/deploy/peatio/current/vendor/bundle/ruby/2.2.0/gems/bunny-1.2.1/lib/bunny/consumer_work_pool.rb:84:in `call'
/home/deploy/peatio/current/vendor/bundle/ruby/2.2.0/gems/bunny-1.2.1/lib/bunny/consumer_work_pool.rb:84:in `block (2 levels) in run_loop'
/home/deploy/peatio/current/vendor/bundle/ruby/2.2.0/gems/bunny-1.2.1/lib/bunny/consumer_work_pool.rb:80:in `loop'
/home/deploy/peatio/current/vendor/bundle/ruby/2.2.0/gems/bunny-1.2.1/lib/bunny/consumer_work_pool.rb:80:in `block in run_loop'
/home/deploy/peatio/current/vendor/bundle/ruby/2.2.0/gems/bunny-1.2.1/lib/bunny/consumer_work_pool.rb:79:in `catch'
/home/deploy/peatio/current/vendor/bundle/ruby/2.2.0/gems/bunny-1.2.1/lib/bunny/consumer_work_pool.rb:79:in `run_loop'
F, [2018-08-10T06:35:17.976304 #29438] FATAL -- : /home/deploy/.rbenv/versions/2.2.1/lib/ruby/2.2.0/uri/rfc3986_parser.rb:66:in `split'
/home/deploy/.rbenv/versions/2.2.1/lib/ruby/2.2.0/uri/rfc3986_parser.rb:72:in `parse'
/home/deploy/.rbenv/versions/2.2.1/lib/ruby/2.2.0/uri/common.rb:226:in `parse'
/home/deploy/.rbenv/versions/2.2.1/lib/ruby/2.2.0/uri/common.rb:713:in `URI'
/home/deploy/peatio/current/vendor/bundle/ruby/2.2.0/gems/faraday-0.14.0/lib/faraday/utils.rb:275:in `call'
/home/deploy/peatio/current/vendor/bundle/ruby/2.2.0/gems/faraday-0.14.0/lib/faraday/utils.rb:275:in `URI'
/home/deploy/peatio/current/vendor/bundle/ruby/2.2.0/gems/faraday-0.14.0/lib/faraday/connection.rb:477:in `proxy_for_request'
/home/deploy/peatio/current/vendor/bundle/ruby/2.2.0/gems/faraday-0.14.0/lib/faraday/connection.rb:377:in `run_request'
/home/deploy/peatio/current/vendor/bundle/ruby/2.2.0/gems/faraday-0.14.0/lib/faraday/connection.rb:175:in `post'
/home/deploy/peatio/current/vendor/bundle/ruby/2.2.0/gems/twilio-ruby-5.7.2/lib/twilio-ruby/http/http_client.rb:36:in `_request'
/home/deploy/peatio/current/vendor/bundle/ruby/2.2.0/gems/twilio-ruby-5.7.2/lib/twilio-ruby/http/http_client.rb:54:in `request'
/home/deploy/peatio/current/vendor/bundle/ruby/2.2.0/gems/twilio-ruby-5.7.2/lib/twilio-ruby/rest/client.rb:72:in `request'
/home/deploy/peatio/current/vendor/bundle/ruby/2.2.0/gems/twilio-ruby-5.7.2/lib/twilio-ruby/framework/domain.rb:20:in `request'
/home/deploy/peatio/current/vendor/bundle/ruby/2.2.0/gems/twilio-ruby-5.7.2/lib/twilio-ruby/framework/version.rb:51:in `request'
/home/deploy/peatio/current/vendor/bundle/ruby/2.2.0/gems/twilio-ruby-5.7.2/lib/twilio-ruby/framework/version.rb:154:in `create'
/home/deploy/peatio/current/vendor/bundle/ruby/2.2.0/gems/twilio-ruby-5.7.2/lib/twilio-ruby/rest/api/v2010/account/message.rb:71:in `create'
/home/deploy/peatio/current/app/models/worker/sms_notification.rb:9:in `process'
/home/deploy/peatio/current/lib/daemons/amqp_daemon.rb:61:in `block (2 levels) in <top (required)>'
/home/deploy/peatio/current/vendor/bundle/ruby/2.2.0/gems/bunny-1.2.1/lib/bunny/consumer.rb:56:in `call'
/home/deploy/peatio/current/vendor/bundle/ruby/2.2.0/gems/bunny-1.2.1/lib/bunny/consumer.rb:56:in `call'
/home/deploy/peatio/current/vendor/bundle/ruby/2.2.0/gems/bunny-1.2.1/lib/bunny/channel.rb:1672:in `block in handle_frameset'
/home/deploy/peatio/current/vendor/bundle/ruby/2.2.0/gems/bunny-1.2.1/lib/bunny/consumer_work_pool.rb:84:in `call'
/home/deploy/peatio/current/vendor/bundle/ruby/2.2.0/gems/bunny-1.2.1/lib/bunny/consumer_work_pool.rb:84:in `block (2 levels) in run_loop'
/home/deploy/peatio/current/vendor/bundle/ruby/2.2.0/gems/bunny-1.2.1/lib/bunny/consumer_work_pool.rb:80:in `loop'
/home/deploy/peatio/current/vendor/bundle/ruby/2.2.0/gems/bunny-1.2.1/lib/bunny/consumer_work_pool.rb:80:in `block in run_loop'
/home/deploy/peatio/current/vendor/bundle/ruby/2.2.0/gems/bunny-1.2.1/lib/bunny/consumer_work_pool.rb:79:in `catch'
/home/deploy/peatio/current/vendor/bundle/ruby/2.2.0/gems/bunny-1.2.1/lib/bunny/consumer_work_pool.rb:79:in `run_loop'
I, [2018-08-13T20:22:24.070006 #29438]  INFO -- : Received: {"mailer_class":"TokenMailer","method":"activation","args":["ganesh2708@aol.com","9822a04123f2412e2aef74d179dff858"],"locale":"en"}
I, [2018-08-14T08:33:02.064074 #29438]  INFO -- : Received: {"mailer_class":"TokenMailer","method":"activation","args":["lindawei520@163.com","fc3a25b7a363a961404672f46cbdadb1"],"locale":"zh-CN"}
I, [2018-08-20T02:00:40.021243 #29438]  INFO -- : Received: {"mailer_class":"TokenMailer","method":"activation","args":["42overez@gmail.com","520fe44057fee6c22833d2ec9f88cd75"],"locale":"en"}
I, [2018-08-20T12:42:32.743328 #29438]  INFO -- : Received: {"mailer_class":"MemberMailer","method":"notify_signin","args":[10],"locale":"en"}
I, [2018-08-20T22:29:08.082699 #29438]  INFO -- : Received: {"mailer_class":"TokenMailer","method":"activation","args":["onlineearns777@gmail.com","16b64e669e839bce8b069fc54a87276d"],"locale":"en"}
I, [2018-08-20T22:34:57.659180 #29438]  INFO -- : Received: {"phone":"117185021028","message":"Your phone number verification code is: 549164.","locale":"en"}
F, [2018-08-20T22:34:57.665452 #29438] FATAL -- : bad URI(is not URI?): https://api.twilio.com/2010-04-01/Accounts/{:ssl_verify_peer=>false}/Messages.json (URI::InvalidURIError)
/home/deploy/.rbenv/versions/2.2.1/lib/ruby/2.2.0/uri/rfc3986_parser.rb:66:in `split'
/home/deploy/.rbenv/versions/2.2.1/lib/ruby/2.2.0/uri/rfc3986_parser.rb:72:in `parse'
/home/deploy/.rbenv/versions/2.2.1/lib/ruby/2.2.0/uri/common.rb:226:in `parse'
/home/deploy/.rbenv/versions/2.2.1/lib/ruby/2.2.0/uri/common.rb:713:in `URI'
/home/deploy/peatio/current/vendor/bundle/ruby/2.2.0/gems/faraday-0.14.0/lib/faraday/utils.rb:275:in `call'
/home/deploy/peatio/current/vendor/bundle/ruby/2.2.0/gems/faraday-0.14.0/lib/faraday/utils.rb:275:in `URI'
/home/deploy/peatio/current/vendor/bundle/ruby/2.2.0/gems/faraday-0.14.0/lib/faraday/connection.rb:477:in `proxy_for_request'
/home/deploy/peatio/current/vendor/bundle/ruby/2.2.0/gems/faraday-0.14.0/lib/faraday/connection.rb:377:in `run_request'
/home/deploy/peatio/current/vendor/bundle/ruby/2.2.0/gems/faraday-0.14.0/lib/faraday/connection.rb:175:in `post'
/home/deploy/peatio/current/vendor/bundle/ruby/2.2.0/gems/twilio-ruby-5.7.2/lib/twilio-ruby/http/http_client.rb:36:in `_request'
/home/deploy/peatio/current/vendor/bundle/ruby/2.2.0/gems/twilio-ruby-5.7.2/lib/twilio-ruby/http/http_client.rb:54:in `request'
/home/deploy/peatio/current/vendor/bundle/ruby/2.2.0/gems/twilio-ruby-5.7.2/lib/twilio-ruby/rest/client.rb:72:in `request'
/home/deploy/peatio/current/vendor/bundle/ruby/2.2.0/gems/twilio-ruby-5.7.2/lib/twilio-ruby/framework/domain.rb:20:in `request'
/home/deploy/peatio/current/vendor/bundle/ruby/2.2.0/gems/twilio-ruby-5.7.2/lib/twilio-ruby/framework/version.rb:51:in `request'
/home/deploy/peatio/current/vendor/bundle/ruby/2.2.0/gems/twilio-ruby-5.7.2/lib/twilio-ruby/framework/version.rb:154:in `create'
/home/deploy/peatio/current/vendor/bundle/ruby/2.2.0/gems/twilio-ruby-5.7.2/lib/twilio-ruby/rest/api/v2010/account/message.rb:71:in `create'
/home/deploy/peatio/current/app/models/worker/sms_notification.rb:9:in `process'
/home/deploy/peatio/current/lib/daemons/amqp_daemon.rb:61:in `block (2 levels) in <top (required)>'
/home/deploy/peatio/current/vendor/bundle/ruby/2.2.0/gems/bunny-1.2.1/lib/bunny/consumer.rb:56:in `call'
/home/deploy/peatio/current/vendor/bundle/ruby/2.2.0/gems/bunny-1.2.1/lib/bunny/consumer.rb:56:in `call'
/home/deploy/peatio/current/vendor/bundle/ruby/2.2.0/gems/bunny-1.2.1/lib/bunny/channel.rb:1672:in `block in handle_frameset'
/home/deploy/peatio/current/vendor/bundle/ruby/2.2.0/gems/bunny-1.2.1/lib/bunny/consumer_work_pool.rb:84:in `call'
/home/deploy/peatio/current/vendor/bundle/ruby/2.2.0/gems/bunny-1.2.1/lib/bunny/consumer_work_pool.rb:84:in `block (2 levels) in run_loop'
/home/deploy/peatio/current/vendor/bundle/ruby/2.2.0/gems/bunny-1.2.1/lib/bunny/consumer_work_pool.rb:80:in `loop'
/home/deploy/peatio/current/vendor/bundle/ruby/2.2.0/gems/bunny-1.2.1/lib/bunny/consumer_work_pool.rb:80:in `block in run_loop'
/home/deploy/peatio/current/vendor/bundle/ruby/2.2.0/gems/bunny-1.2.1/lib/bunny/consumer_work_pool.rb:79:in `catch'
/home/deploy/peatio/current/vendor/bundle/ruby/2.2.0/gems/bunny-1.2.1/lib/bunny/consumer_work_pool.rb:79:in `run_loop'
F, [2018-08-20T22:34:57.665605 #29438] FATAL -- : /home/deploy/.rbenv/versions/2.2.1/lib/ruby/2.2.0/uri/rfc3986_parser.rb:66:in `split'
/home/deploy/.rbenv/versions/2.2.1/lib/ruby/2.2.0/uri/rfc3986_parser.rb:72:in `parse'
/home/deploy/.rbenv/versions/2.2.1/lib/ruby/2.2.0/uri/common.rb:226:in `parse'
/home/deploy/.rbenv/versions/2.2.1/lib/ruby/2.2.0/uri/common.rb:713:in `URI'
/home/deploy/peatio/current/vendor/bundle/ruby/2.2.0/gems/faraday-0.14.0/lib/faraday/utils.rb:275:in `call'
/home/deploy/peatio/current/vendor/bundle/ruby/2.2.0/gems/faraday-0.14.0/lib/faraday/utils.rb:275:in `URI'
/home/deploy/peatio/current/vendor/bundle/ruby/2.2.0/gems/faraday-0.14.0/lib/faraday/connection.rb:477:in `proxy_for_request'
/home/deploy/peatio/current/vendor/bundle/ruby/2.2.0/gems/faraday-0.14.0/lib/faraday/connection.rb:377:in `run_request'
/home/deploy/peatio/current/vendor/bundle/ruby/2.2.0/gems/faraday-0.14.0/lib/faraday/connection.rb:175:in `post'
/home/deploy/peatio/current/vendor/bundle/ruby/2.2.0/gems/twilio-ruby-5.7.2/lib/twilio-ruby/http/http_client.rb:36:in `_request'
/home/deploy/peatio/current/vendor/bundle/ruby/2.2.0/gems/twilio-ruby-5.7.2/lib/twilio-ruby/http/http_client.rb:54:in `request'
/home/deploy/peatio/current/vendor/bundle/ruby/2.2.0/gems/twilio-ruby-5.7.2/lib/twilio-ruby/rest/client.rb:72:in `request'
/home/deploy/peatio/current/vendor/bundle/ruby/2.2.0/gems/twilio-ruby-5.7.2/lib/twilio-ruby/framework/domain.rb:20:in `request'
/home/deploy/peatio/current/vendor/bundle/ruby/2.2.0/gems/twilio-ruby-5.7.2/lib/twilio-ruby/framework/version.rb:51:in `request'
/home/deploy/peatio/current/vendor/bundle/ruby/2.2.0/gems/twilio-ruby-5.7.2/lib/twilio-ruby/framework/version.rb:154:in `create'
/home/deploy/peatio/current/vendor/bundle/ruby/2.2.0/gems/twilio-ruby-5.7.2/lib/twilio-ruby/rest/api/v2010/account/message.rb:71:in `create'
/home/deploy/peatio/current/app/models/worker/sms_notification.rb:9:in `process'
/home/deploy/peatio/current/lib/daemons/amqp_daemon.rb:61:in `block (2 levels) in <top (required)>'
/home/deploy/peatio/current/vendor/bundle/ruby/2.2.0/gems/bunny-1.2.1/lib/bunny/consumer.rb:56:in `call'
/home/deploy/peatio/current/vendor/bundle/ruby/2.2.0/gems/bunny-1.2.1/lib/bunny/consumer.rb:56:in `call'
/home/deploy/peatio/current/vendor/bundle/ruby/2.2.0/gems/bunny-1.2.1/lib/bunny/channel.rb:1672:in `block in handle_frameset'
/home/deploy/peatio/current/vendor/bundle/ruby/2.2.0/gems/bunny-1.2.1/lib/bunny/consumer_work_pool.rb:84:in `call'
/home/deploy/peatio/current/vendor/bundle/ruby/2.2.0/gems/bunny-1.2.1/lib/bunny/consumer_work_pool.rb:84:in `block (2 levels) in run_loop'
/home/deploy/peatio/current/vendor/bundle/ruby/2.2.0/gems/bunny-1.2.1/lib/bunny/consumer_work_pool.rb:80:in `loop'
/home/deploy/peatio/current/vendor/bundle/ruby/2.2.0/gems/bunny-1.2.1/lib/bunny/consumer_work_pool.rb:80:in `block in run_loop'
/home/deploy/peatio/current/vendor/bundle/ruby/2.2.0/gems/bunny-1.2.1/lib/bunny/consumer_work_pool.rb:79:in `catch'
/home/deploy/peatio/current/vendor/bundle/ruby/2.2.0/gems/bunny-1.2.1/lib/bunny/consumer_work_pool.rb:79:in `run_loop'
I, [2018-08-20T22:39:25.644315 #29438]  INFO -- : Received: {"phone":"17185021028","message":"Your phone number verification code is: 549164.","locale":"en"}
F, [2018-08-20T22:39:25.651011 #29438] FATAL -- : bad URI(is not URI?): https://api.twilio.com/2010-04-01/Accounts/{:ssl_verify_peer=>false}/Messages.json (URI::InvalidURIError)
/home/deploy/.rbenv/versions/2.2.1/lib/ruby/2.2.0/uri/rfc3986_parser.rb:66:in `split'
/home/deploy/.rbenv/versions/2.2.1/lib/ruby/2.2.0/uri/rfc3986_parser.rb:72:in `parse'
/home/deploy/.rbenv/versions/2.2.1/lib/ruby/2.2.0/uri/common.rb:226:in `parse'
/home/deploy/.rbenv/versions/2.2.1/lib/ruby/2.2.0/uri/common.rb:713:in `URI'
/home/deploy/peatio/current/vendor/bundle/ruby/2.2.0/gems/faraday-0.14.0/lib/faraday/utils.rb:275:in `call'
/home/deploy/peatio/current/vendor/bundle/ruby/2.2.0/gems/faraday-0.14.0/lib/faraday/utils.rb:275:in `URI'
/home/deploy/peatio/current/vendor/bundle/ruby/2.2.0/gems/faraday-0.14.0/lib/faraday/connection.rb:477:in `proxy_for_request'
/home/deploy/peatio/current/vendor/bundle/ruby/2.2.0/gems/faraday-0.14.0/lib/faraday/connection.rb:377:in `run_request'
/home/deploy/peatio/current/vendor/bundle/ruby/2.2.0/gems/faraday-0.14.0/lib/faraday/connection.rb:175:in `post'
/home/deploy/peatio/current/vendor/bundle/ruby/2.2.0/gems/twilio-ruby-5.7.2/lib/twilio-ruby/http/http_client.rb:36:in `_request'
/home/deploy/peatio/current/vendor/bundle/ruby/2.2.0/gems/twilio-ruby-5.7.2/lib/twilio-ruby/http/http_client.rb:54:in `request'
/home/deploy/peatio/current/vendor/bundle/ruby/2.2.0/gems/twilio-ruby-5.7.2/lib/twilio-ruby/rest/client.rb:72:in `request'
/home/deploy/peatio/current/vendor/bundle/ruby/2.2.0/gems/twilio-ruby-5.7.2/lib/twilio-ruby/framework/domain.rb:20:in `request'
/home/deploy/peatio/current/vendor/bundle/ruby/2.2.0/gems/twilio-ruby-5.7.2/lib/twilio-ruby/framework/version.rb:51:in `request'
/home/deploy/peatio/current/vendor/bundle/ruby/2.2.0/gems/twilio-ruby-5.7.2/lib/twilio-ruby/framework/version.rb:154:in `create'
/home/deploy/peatio/current/vendor/bundle/ruby/2.2.0/gems/twilio-ruby-5.7.2/lib/twilio-ruby/rest/api/v2010/account/message.rb:71:in `create'
/home/deploy/peatio/current/app/models/worker/sms_notification.rb:9:in `process'
/home/deploy/peatio/current/lib/daemons/amqp_daemon.rb:61:in `block (2 levels) in <top (required)>'
/home/deploy/peatio/current/vendor/bundle/ruby/2.2.0/gems/bunny-1.2.1/lib/bunny/consumer.rb:56:in `call'
/home/deploy/peatio/current/vendor/bundle/ruby/2.2.0/gems/bunny-1.2.1/lib/bunny/consumer.rb:56:in `call'
/home/deploy/peatio/current/vendor/bundle/ruby/2.2.0/gems/bunny-1.2.1/lib/bunny/channel.rb:1672:in `block in handle_frameset'
/home/deploy/peatio/current/vendor/bundle/ruby/2.2.0/gems/bunny-1.2.1/lib/bunny/consumer_work_pool.rb:84:in `call'
/home/deploy/peatio/current/vendor/bundle/ruby/2.2.0/gems/bunny-1.2.1/lib/bunny/consumer_work_pool.rb:84:in `block (2 levels) in run_loop'
/home/deploy/peatio/current/vendor/bundle/ruby/2.2.0/gems/bunny-1.2.1/lib/bunny/consumer_work_pool.rb:80:in `loop'
/home/deploy/peatio/current/vendor/bundle/ruby/2.2.0/gems/bunny-1.2.1/lib/bunny/consumer_work_pool.rb:80:in `block in run_loop'
/home/deploy/peatio/current/vendor/bundle/ruby/2.2.0/gems/bunny-1.2.1/lib/bunny/consumer_work_pool.rb:79:in `catch'
/home/deploy/peatio/current/vendor/bundle/ruby/2.2.0/gems/bunny-1.2.1/lib/bunny/consumer_work_pool.rb:79:in `run_loop'
F, [2018-08-20T22:39:25.651180 #29438] FATAL -- : /home/deploy/.rbenv/versions/2.2.1/lib/ruby/2.2.0/uri/rfc3986_parser.rb:66:in `split'
/home/deploy/.rbenv/versions/2.2.1/lib/ruby/2.2.0/uri/rfc3986_parser.rb:72:in `parse'
/home/deploy/.rbenv/versions/2.2.1/lib/ruby/2.2.0/uri/common.rb:226:in `parse'
/home/deploy/.rbenv/versions/2.2.1/lib/ruby/2.2.0/uri/common.rb:713:in `URI'
/home/deploy/peatio/current/vendor/bundle/ruby/2.2.0/gems/faraday-0.14.0/lib/faraday/utils.rb:275:in `call'
/home/deploy/peatio/current/vendor/bundle/ruby/2.2.0/gems/faraday-0.14.0/lib/faraday/utils.rb:275:in `URI'
/home/deploy/peatio/current/vendor/bundle/ruby/2.2.0/gems/faraday-0.14.0/lib/faraday/connection.rb:477:in `proxy_for_request'
/home/deploy/peatio/current/vendor/bundle/ruby/2.2.0/gems/faraday-0.14.0/lib/faraday/connection.rb:377:in `run_request'
/home/deploy/peatio/current/vendor/bundle/ruby/2.2.0/gems/faraday-0.14.0/lib/faraday/connection.rb:175:in `post'
/home/deploy/peatio/current/vendor/bundle/ruby/2.2.0/gems/twilio-ruby-5.7.2/lib/twilio-ruby/http/http_client.rb:36:in `_request'
/home/deploy/peatio/current/vendor/bundle/ruby/2.2.0/gems/twilio-ruby-5.7.2/lib/twilio-ruby/http/http_client.rb:54:in `request'
/home/deploy/peatio/current/vendor/bundle/ruby/2.2.0/gems/twilio-ruby-5.7.2/lib/twilio-ruby/rest/client.rb:72:in `request'
/home/deploy/peatio/current/vendor/bundle/ruby/2.2.0/gems/twilio-ruby-5.7.2/lib/twilio-ruby/framework/domain.rb:20:in `request'
/home/deploy/peatio/current/vendor/bundle/ruby/2.2.0/gems/twilio-ruby-5.7.2/lib/twilio-ruby/framework/version.rb:51:in `request'
/home/deploy/peatio/current/vendor/bundle/ruby/2.2.0/gems/twilio-ruby-5.7.2/lib/twilio-ruby/framework/version.rb:154:in `create'
/home/deploy/peatio/current/vendor/bundle/ruby/2.2.0/gems/twilio-ruby-5.7.2/lib/twilio-ruby/rest/api/v2010/account/message.rb:71:in `create'
/home/deploy/peatio/current/app/models/worker/sms_notification.rb:9:in `process'
/home/deploy/peatio/current/lib/daemons/amqp_daemon.rb:61:in `block (2 levels) in <top (required)>'
/home/deploy/peatio/current/vendor/bundle/ruby/2.2.0/gems/bunny-1.2.1/lib/bunny/consumer.rb:56:in `call'
/home/deploy/peatio/current/vendor/bundle/ruby/2.2.0/gems/bunny-1.2.1/lib/bunny/consumer.rb:56:in `call'
/home/deploy/peatio/current/vendor/bundle/ruby/2.2.0/gems/bunny-1.2.1/lib/bunny/channel.rb:1672:in `block in handle_frameset'
/home/deploy/peatio/current/vendor/bundle/ruby/2.2.0/gems/bunny-1.2.1/lib/bunny/consumer_work_pool.rb:84:in `call'
/home/deploy/peatio/current/vendor/bundle/ruby/2.2.0/gems/bunny-1.2.1/lib/bunny/consumer_work_pool.rb:84:in `block (2 levels) in run_loop'
/home/deploy/peatio/current/vendor/bundle/ruby/2.2.0/gems/bunny-1.2.1/lib/bunny/consumer_work_pool.rb:80:in `loop'
/home/deploy/peatio/current/vendor/bundle/ruby/2.2.0/gems/bunny-1.2.1/lib/bunny/consumer_work_pool.rb:80:in `block in run_loop'
/home/deploy/peatio/current/vendor/bundle/ruby/2.2.0/gems/bunny-1.2.1/lib/bunny/consumer_work_pool.rb:79:in `catch'
/home/deploy/peatio/current/vendor/bundle/ruby/2.2.0/gems/bunny-1.2.1/lib/bunny/consumer_work_pool.rb:79:in `run_loop'
